Vivado Simulator 2018.3
Copyright 1986-1999, 2001-2018 Xilinx, Inc. All Rights Reserved.
Running: /home/hejunwen/Vivado/Vivado/2018.3/bin/unwrapped/lnx64.o/xelab -wto 8de8692e6f7648c084645fde77f29b66 --incr --debug typical --relax --mt 8 -L xil_defaultlib -L blk_mem_gen_v8_4_2 -L unisims_ver -L unimacro_ver -L secureip -L xpm --snapshot tb_top_behav xil_defaultlib.tb_top xil_defaultlib.glbl -log elaborate.log 
Using 8 slave threads.
Starting static elaboration
WARNING: [VRFC 10-3091] actual bit length 1 differs from formal bit length 2 for port 'ForwardAD' [/home/hejunwen/mycpu/soc_sram_func/rtl/myCPU/mips.v:481]
Completed static elaboration
Starting simulation data flow analysis
Completed simulation data flow analysis
Time Resolution for simulation is 1ps
Compiling module xil_defaultlib.get_pc
Compiling module xil_defaultlib.PC_ALU
Compiling module xil_defaultlib.get_instr
Compiling module xil_defaultlib.instr_decode
Compiling module xil_defaultlib.decode
Compiling module xil_defaultlib.control_unit
Compiling module xil_defaultlib.getRdD
Compiling module xil_defaultlib.regfile
Compiling module xil_defaultlib.getEqualD
Compiling module xil_defaultlib.get_PCSrcD
Compiling module xil_defaultlib.sig_extend
Compiling module xil_defaultlib.shift_unit
Compiling module xil_defaultlib.get_PCBranchD
Compiling module xil_defaultlib.get_J_PCBranchD
Compiling module xil_defaultlib.get_PCBranchD_final
Compiling module xil_defaultlib.get_PCPLus8
Compiling module xil_defaultlib.decode_exe
Compiling module xil_defaultlib.get_WriteRegE
Compiling module xil_defaultlib.get_SrcAE
Compiling module xil_defaultlib.get_SrcBE
Compiling module xil_defaultlib.get_ShiftSrc
Compiling module xil_defaultlib.get_WriteDataE
Compiling module xil_defaultlib.SrcAE_SrcBE_ALU
Compiling module xil_defaultlib.div
Compiling module xil_defaultlib.ALUOut_Div_Choose
Compiling module xil_defaultlib.exe_accessMem
Compiling module xil_defaultlib.access_mem
Compiling module xil_defaultlib.hilo
Compiling module xil_defaultlib.M_E_databack
Compiling module xil_defaultlib.accessMem_writeback
Compiling module xil_defaultlib.get_ResultW
Compiling module xil_defaultlib.get_ResultW_withHilo
Compiling module xil_defaultlib.get_ResultW_withHilo_withPC
Compiling module xil_defaultlib.hazard_unit
Compiling module xil_defaultlib.mips
Compiling module xil_defaultlib.mycpu_top
Compiling module unisims_ver.GND
Compiling module unisims_ver.LUT6
Compiling module unisims_ver.MUXF8
Compiling module unisims_ver.MUXF7
Compiling module unisims_ver.FDRE_default
Compiling module xil_defaultlib.inst_ram_blk_mem_gen_mux
Compiling module unisims_ver.RB36_INTERNAL_VLOG(RDADDR_COLLIS...
Compiling module unisims_ver.RAMB36E1(INIT_00=256'b0100001001...
Compiling module xil_defaultlib.inst_ram_blk_mem_gen_prim_wrappe...
Compiling module xil_defaultlib.inst_ram_blk_mem_gen_prim_width
Compiling module unisims_ver.RB36_INTERNAL_VLOG(RDADDR_COLLIS...
Compiling module unisims_ver.RAMB36E1(RDADDR_COLLISION_HWCONF...
Compiling module xil_defaultlib.inst_ram_blk_mem_gen_prim_wrappe...
Compiling module xil_defaultlib.inst_ram_blk_mem_gen_prim_width_...
Compiling module xil_defaultlib.inst_ram_blk_mem_gen_prim_wrappe...
Compiling module xil_defaultlib.inst_ram_blk_mem_gen_prim_width_...
Compiling module xil_defaultlib.inst_ram_blk_mem_gen_prim_wrappe...
Compiling module xil_defaultlib.inst_ram_blk_mem_gen_prim_width_...
Compiling module xil_defaultlib.inst_ram_blk_mem_gen_prim_wrappe...
Compiling module xil_defaultlib.inst_ram_blk_mem_gen_prim_width_...
Compiling module xil_defaultlib.inst_ram_blk_mem_gen_prim_wrappe...
Compiling module xil_defaultlib.inst_ram_blk_mem_gen_prim_width_...
Compiling module xil_defaultlib.inst_ram_blk_mem_gen_prim_wrappe...
Compiling module xil_defaultlib.inst_ram_blk_mem_gen_prim_width_...
Compiling module xil_defaultlib.inst_ram_blk_mem_gen_prim_wrappe...
Compiling module xil_defaultlib.inst_ram_blk_mem_gen_prim_width_...
Compiling module xil_defaultlib.inst_ram_blk_mem_gen_prim_wrappe...
Compiling module xil_defaultlib.inst_ram_blk_mem_gen_prim_width_...
Compiling module xil_defaultlib.inst_ram_blk_mem_gen_prim_wrappe...
Compiling module xil_defaultlib.inst_ram_blk_mem_gen_prim_width_...
Compiling module xil_defaultlib.inst_ram_blk_mem_gen_prim_wrappe...
Compiling module xil_defaultlib.inst_ram_blk_mem_gen_prim_width_...
Compiling module unisims_ver.RB36_INTERNAL_VLOG(RDADDR_COLLIS...
Compiling module unisims_ver.RAMB36E1(INIT_00=256'b1100000101...
Compiling module xil_defaultlib.inst_ram_blk_mem_gen_prim_wrappe...
Compiling module xil_defaultlib.inst_ram_blk_mem_gen_prim_width_...
Compiling module xil_defaultlib.inst_ram_blk_mem_gen_prim_wrappe...
Compiling module xil_defaultlib.inst_ram_blk_mem_gen_prim_width_...
Compiling module xil_defaultlib.inst_ram_blk_mem_gen_prim_wrappe...
Compiling module xil_defaultlib.inst_ram_blk_mem_gen_prim_width_...
Compiling module xil_defaultlib.inst_ram_blk_mem_gen_prim_wrappe...
Compiling module xil_defaultlib.inst_ram_blk_mem_gen_prim_width_...
Compiling module xil_defaultlib.inst_ram_blk_mem_gen_prim_wrappe...
Compiling module xil_defaultlib.inst_ram_blk_mem_gen_prim_width_...
Compiling module xil_defaultlib.inst_ram_blk_mem_gen_prim_wrappe...
Compiling module xil_defaultlib.inst_ram_blk_mem_gen_prim_width_...
Compiling module xil_defaultlib.inst_ram_blk_mem_gen_prim_wrappe...
Compiling module xil_defaultlib.inst_ram_blk_mem_gen_prim_width_...
Compiling module xil_defaultlib.inst_ram_blk_mem_gen_prim_wrappe...
Compiling module xil_defaultlib.inst_ram_blk_mem_gen_prim_width_...
Compiling module xil_defaultlib.inst_ram_blk_mem_gen_prim_wrappe...
Compiling module xil_defaultlib.inst_ram_blk_mem_gen_prim_width_...
Compiling module xil_defaultlib.inst_ram_blk_mem_gen_prim_wrappe...
Compiling module xil_defaultlib.inst_ram_blk_mem_gen_prim_width_...
Compiling module xil_defaultlib.inst_ram_blk_mem_gen_prim_wrappe...
Compiling module xil_defaultlib.inst_ram_blk_mem_gen_prim_width_...
Compiling module unisims_ver.RB36_INTERNAL_VLOG(RDADDR_COLLIS...
Compiling module unisims_ver.RAMB36E1(INIT_00=256'b1011100000...
Compiling module xil_defaultlib.inst_ram_blk_mem_gen_prim_wrappe...
Compiling module xil_defaultlib.inst_ram_blk_mem_gen_prim_width_...
Compiling module xil_defaultlib.inst_ram_blk_mem_gen_prim_wrappe...
Compiling module xil_defaultlib.inst_ram_blk_mem_gen_prim_width_...
Compiling module xil_defaultlib.inst_ram_blk_mem_gen_prim_wrappe...
Compiling module xil_defaultlib.inst_ram_blk_mem_gen_prim_width_...
Compiling module xil_defaultlib.inst_ram_blk_mem_gen_prim_wrappe...
Compiling module xil_defaultlib.inst_ram_blk_mem_gen_prim_width_...
Compiling module xil_defaultlib.inst_ram_blk_mem_gen_prim_wrappe...
Compiling module xil_defaultlib.inst_ram_blk_mem_gen_prim_width_...
Compiling module xil_defaultlib.inst_ram_blk_mem_gen_prim_wrappe...
Compiling module xil_defaultlib.inst_ram_blk_mem_gen_prim_width_...
Compiling module xil_defaultlib.inst_ram_blk_mem_gen_prim_wrappe...
Compiling module xil_defaultlib.inst_ram_blk_mem_gen_prim_width_...
Compiling module xil_defaultlib.inst_ram_blk_mem_gen_prim_wrappe...
Compiling module xil_defaultlib.inst_ram_blk_mem_gen_prim_width_...
Compiling module xil_defaultlib.inst_ram_blk_mem_gen_prim_wrappe...
Compiling module xil_defaultlib.inst_ram_blk_mem_gen_prim_width_...
Compiling module unisims_ver.RB36_INTERNAL_VLOG(RDADDR_COLLIS...
Compiling module unisims_ver.RAMB36E1(INIT_00=256'b0110010101...
Compiling module unisims_ver.LUT5
Compiling module unisims_ver.x_lut3_mux8
Compiling module unisims_ver.LUT3
Compiling module xil_defaultlib.inst_ram_blk_mem_gen_prim_wrappe...
Compiling module xil_defaultlib.inst_ram_blk_mem_gen_prim_width_...
Compiling module unisims_ver.RB36_INTERNAL_VLOG(RDADDR_COLLIS...
Compiling module unisims_ver.RAMB36E1(INIT_00=256'b0100000001...
Compiling module xil_defaultlib.inst_ram_blk_mem_gen_prim_wrappe...
Compiling module xil_defaultlib.inst_ram_blk_mem_gen_prim_width_...
Compiling module unisims_ver.RB36_INTERNAL_VLOG(RDADDR_COLLIS...
Compiling module unisims_ver.RAMB36E1(INIT_00=256'b1101010011...
Compiling module xil_defaultlib.inst_ram_blk_mem_gen_prim_wrappe...
Compiling module xil_defaultlib.inst_ram_blk_mem_gen_prim_width_...
Compiling module unisims_ver.RB36_INTERNAL_VLOG(RDADDR_COLLIS...
Compiling module unisims_ver.RAMB36E1(INIT_00=256'b0100001100...
Compiling module xil_defaultlib.inst_ram_blk_mem_gen_prim_wrappe...
Compiling module xil_defaultlib.inst_ram_blk_mem_gen_prim_width_...
Compiling module unisims_ver.RB36_INTERNAL_VLOG(RDADDR_COLLIS...
Compiling module unisims_ver.RAMB36E1(INIT_00=256'b0100110001...
Compiling module xil_defaultlib.inst_ram_blk_mem_gen_prim_wrappe...
Compiling module xil_defaultlib.inst_ram_blk_mem_gen_prim_width_...
Compiling module unisims_ver.RB36_INTERNAL_VLOG(RDADDR_COLLIS...
Compiling module unisims_ver.RAMB36E1(INIT_00=256'b0110001100...
Compiling module xil_defaultlib.inst_ram_blk_mem_gen_prim_wrappe...
Compiling module xil_defaultlib.inst_ram_blk_mem_gen_prim_width_...
Compiling module unisims_ver.RB36_INTERNAL_VLOG(RDADDR_COLLIS...
Compiling module unisims_ver.RAMB36E1(INIT_00=256'b0100000010...
Compiling module xil_defaultlib.inst_ram_blk_mem_gen_prim_wrappe...
Compiling module xil_defaultlib.inst_ram_blk_mem_gen_prim_width_...
Compiling module unisims_ver.RB36_INTERNAL_VLOG(RDADDR_COLLIS...
Compiling module unisims_ver.RAMB36E1(INIT_00=256'b0101010110...
Compiling module xil_defaultlib.inst_ram_blk_mem_gen_prim_wrappe...
Compiling module xil_defaultlib.inst_ram_blk_mem_gen_prim_width_...
Compiling module unisims_ver.RB36_INTERNAL_VLOG(RDADDR_COLLIS...
Compiling module unisims_ver.RAMB36E1(INIT_00=256'b0110000001...
Compiling module xil_defaultlib.inst_ram_blk_mem_gen_prim_wrappe...
Compiling module xil_defaultlib.inst_ram_blk_mem_gen_prim_width_...
Compiling module unisims_ver.RB36_INTERNAL_VLOG(RDADDR_COLLIS...
Compiling module unisims_ver.RAMB36E1(INIT_00=256'b0100001000...
Compiling module xil_defaultlib.inst_ram_blk_mem_gen_prim_wrappe...
Compiling module xil_defaultlib.inst_ram_blk_mem_gen_prim_width_...
Compiling module unisims_ver.RB36_INTERNAL_VLOG(RDADDR_COLLIS...
Compiling module unisims_ver.RAMB36E1(INIT_00=256'b0111011000...
Compiling module xil_defaultlib.inst_ram_blk_mem_gen_prim_wrappe...
Compiling module xil_defaultlib.inst_ram_blk_mem_gen_prim_width_...
Compiling module unisims_ver.RB36_INTERNAL_VLOG(RDADDR_COLLIS...
Compiling module unisims_ver.RAMB36E1(INIT_00=256'b0100000001...
Compiling module xil_defaultlib.inst_ram_blk_mem_gen_prim_wrappe...
Compiling module xil_defaultlib.inst_ram_blk_mem_gen_prim_width_...
Compiling module unisims_ver.RB36_INTERNAL_VLOG(RDADDR_COLLIS...
Compiling module unisims_ver.RAMB36E1(INIT_00=256'b0100000000...
Compiling module xil_defaultlib.inst_ram_blk_mem_gen_prim_wrappe...
Compiling module xil_defaultlib.inst_ram_blk_mem_gen_prim_width_...
Compiling module unisims_ver.RB36_INTERNAL_VLOG(RDADDR_COLLIS...
Compiling module unisims_ver.RAMB36E1(INIT_00=256'b0111110100...
Compiling module xil_defaultlib.inst_ram_blk_mem_gen_prim_wrappe...
Compiling module xil_defaultlib.inst_ram_blk_mem_gen_prim_width_...
Compiling module unisims_ver.RB36_INTERNAL_VLOG(RDADDR_COLLIS...
Compiling module unisims_ver.RAMB36E1(INIT_00=256'b1010010110...
Compiling module xil_defaultlib.inst_ram_blk_mem_gen_prim_wrappe...
Compiling module xil_defaultlib.inst_ram_blk_mem_gen_prim_width_...
Compiling module unisims_ver.RB36_INTERNAL_VLOG(RDADDR_COLLIS...
Compiling module unisims_ver.RAMB36E1(INIT_00=256'b0100100001...
Compiling module xil_defaultlib.inst_ram_blk_mem_gen_prim_wrappe...
Compiling module xil_defaultlib.inst_ram_blk_mem_gen_prim_width_...
Compiling module unisims_ver.RB36_INTERNAL_VLOG(RDADDR_COLLIS...
Compiling module unisims_ver.RAMB36E1(INIT_00=256'b0110100001...
Compiling module xil_defaultlib.inst_ram_blk_mem_gen_prim_wrappe...
Compiling module xil_defaultlib.inst_ram_blk_mem_gen_prim_width_...
Compiling module unisims_ver.RB36_INTERNAL_VLOG(RDADDR_COLLIS...
Compiling module unisims_ver.RAMB36E1(INIT_00=256'b0110000001...
Compiling module xil_defaultlib.inst_ram_blk_mem_gen_prim_wrappe...
Compiling module xil_defaultlib.inst_ram_blk_mem_gen_prim_width_...
Compiling module unisims_ver.RB36_INTERNAL_VLOG(RDADDR_COLLIS...
Compiling module unisims_ver.RAMB36E1(INIT_00=256'b1111000100...
Compiling module xil_defaultlib.inst_ram_blk_mem_gen_prim_wrappe...
Compiling module xil_defaultlib.inst_ram_blk_mem_gen_prim_width_...
Compiling module unisims_ver.RB36_INTERNAL_VLOG(RDADDR_COLLIS...
Compiling module unisims_ver.RAMB36E1(INIT_00=256'b0110000100...
Compiling module xil_defaultlib.inst_ram_blk_mem_gen_prim_wrappe...
Compiling module xil_defaultlib.inst_ram_blk_mem_gen_prim_width_...
Compiling module unisims_ver.RB36_INTERNAL_VLOG(RDADDR_COLLIS...
Compiling module unisims_ver.RAMB36E1(INIT_00=256'b0100001100...
Compiling module xil_defaultlib.inst_ram_blk_mem_gen_prim_wrappe...
Compiling module xil_defaultlib.inst_ram_blk_mem_gen_prim_width_...
Compiling module unisims_ver.RB36_INTERNAL_VLOG(RDADDR_COLLIS...
Compiling module unisims_ver.RAMB36E1(INIT_00=256'b0101000001...
Compiling module xil_defaultlib.inst_ram_blk_mem_gen_prim_wrappe...
Compiling module xil_defaultlib.inst_ram_blk_mem_gen_prim_width_...
Compiling module unisims_ver.RB36_INTERNAL_VLOG(RDADDR_COLLIS...
Compiling module unisims_ver.RAMB36E1(INIT_00=256'b0100100000...
Compiling module xil_defaultlib.inst_ram_blk_mem_gen_prim_wrappe...
Compiling module xil_defaultlib.inst_ram_blk_mem_gen_prim_width_...
Compiling module unisims_ver.RB36_INTERNAL_VLOG(RDADDR_COLLIS...
Compiling module unisims_ver.RAMB36E1(INIT_00=256'b0100001000...
Compiling module xil_defaultlib.inst_ram_blk_mem_gen_prim_wrappe...
Compiling module xil_defaultlib.inst_ram_blk_mem_gen_prim_width_...
Compiling module unisims_ver.RB36_INTERNAL_VLOG(RDADDR_COLLIS...
Compiling module unisims_ver.RAMB36E1(INIT_00=256'b0101101000...
Compiling module xil_defaultlib.inst_ram_blk_mem_gen_prim_wrappe...
Compiling module xil_defaultlib.inst_ram_blk_mem_gen_prim_width_...
Compiling module unisims_ver.RB36_INTERNAL_VLOG(RDADDR_COLLIS...
Compiling module unisims_ver.RAMB36E1(INIT_00=256'b0100001000...
Compiling module xil_defaultlib.inst_ram_blk_mem_gen_prim_wrappe...
Compiling module xil_defaultlib.inst_ram_blk_mem_gen_prim_width_...
Compiling module unisims_ver.RB36_INTERNAL_VLOG(RDADDR_COLLIS...
Compiling module unisims_ver.RAMB36E1(INIT_00=256'b0100001100...
Compiling module xil_defaultlib.inst_ram_blk_mem_gen_prim_wrappe...
Compiling module xil_defaultlib.inst_ram_blk_mem_gen_prim_width_...
Compiling module unisims_ver.RB36_INTERNAL_VLOG(RDADDR_COLLIS...
Compiling module unisims_ver.RAMB36E1(INIT_00=256'b0100101100...
Compiling module xil_defaultlib.inst_ram_blk_mem_gen_prim_wrappe...
Compiling module xil_defaultlib.inst_ram_blk_mem_gen_prim_width_...
Compiling module unisims_ver.RB36_INTERNAL_VLOG(RDADDR_COLLIS...
Compiling module unisims_ver.RAMB36E1(INIT_00=256'b0101010001...
Compiling module xil_defaultlib.inst_ram_blk_mem_gen_prim_wrappe...
Compiling module xil_defaultlib.inst_ram_blk_mem_gen_prim_width_...
Compiling module unisims_ver.RB36_INTERNAL_VLOG(RDADDR_COLLIS...
Compiling module unisims_ver.RAMB36E1(INIT_00=256'b1000010100...
Compiling module xil_defaultlib.inst_ram_blk_mem_gen_prim_wrappe...
Compiling module xil_defaultlib.inst_ram_blk_mem_gen_prim_width_...
Compiling module unisims_ver.RB36_INTERNAL_VLOG(RDADDR_COLLIS...
Compiling module unisims_ver.RAMB36E1(INIT_00=256'b0110001100...
Compiling module xil_defaultlib.inst_ram_blk_mem_gen_prim_wrappe...
Compiling module xil_defaultlib.inst_ram_blk_mem_gen_prim_width_...
Compiling module unisims_ver.RB36_INTERNAL_VLOG(RDADDR_COLLIS...
Compiling module unisims_ver.RAMB36E1(INIT_00=256'b0110000100...
Compiling module xil_defaultlib.inst_ram_blk_mem_gen_prim_wrappe...
Compiling module xil_defaultlib.inst_ram_blk_mem_gen_prim_width_...
Compiling module unisims_ver.RB36_INTERNAL_VLOG(RDADDR_COLLIS...
Compiling module unisims_ver.RAMB36E1(INIT_00=256'b0110000001...
Compiling module xil_defaultlib.inst_ram_blk_mem_gen_prim_wrappe...
Compiling module xil_defaultlib.inst_ram_blk_mem_gen_prim_width_...
Compiling module unisims_ver.RB36_INTERNAL_VLOG(RDADDR_COLLIS...
Compiling module unisims_ver.RAMB36E1(INIT_00=256'b0110000100...
Compiling module xil_defaultlib.inst_ram_blk_mem_gen_prim_wrappe...
Compiling module xil_defaultlib.inst_ram_blk_mem_gen_prim_width_...
Compiling module unisims_ver.RB36_INTERNAL_VLOG(RDADDR_COLLIS...
Compiling module unisims_ver.RAMB36E1(INIT_00=256'b0100000001...
Compiling module xil_defaultlib.inst_ram_blk_mem_gen_prim_wrappe...
Compiling module xil_defaultlib.inst_ram_blk_mem_gen_prim_width_...
Compiling module unisims_ver.RB36_INTERNAL_VLOG(RDADDR_COLLIS...
Compiling module unisims_ver.RAMB36E1(INIT_00=256'b0100000000...
Compiling module xil_defaultlib.inst_ram_blk_mem_gen_prim_wrappe...
Compiling module xil_defaultlib.inst_ram_blk_mem_gen_prim_width_...
Compiling module unisims_ver.RB36_INTERNAL_VLOG(RDADDR_COLLIS...
Compiling module unisims_ver.RAMB36E1(INIT_00=256'b0101001000...
Compiling module xil_defaultlib.inst_ram_blk_mem_gen_prim_wrappe...
Compiling module xil_defaultlib.inst_ram_blk_mem_gen_prim_width_...
Compiling module unisims_ver.RB36_INTERNAL_VLOG(RDADDR_COLLIS...
Compiling module unisims_ver.RAMB36E1(INIT_00=256'b0100000010...
Compiling module xil_defaultlib.inst_ram_blk_mem_gen_prim_wrappe...
Compiling module xil_defaultlib.inst_ram_blk_mem_gen_prim_width_...
Compiling module unisims_ver.RB36_INTERNAL_VLOG(RDADDR_COLLIS...
Compiling module unisims_ver.RAMB36E1(INIT_00=256'b0101010000...
Compiling module xil_defaultlib.inst_ram_blk_mem_gen_prim_wrappe...
Compiling module xil_defaultlib.inst_ram_blk_mem_gen_prim_width_...
Compiling module unisims_ver.RB36_INTERNAL_VLOG(RDADDR_COLLIS...
Compiling module unisims_ver.RAMB36E1(INIT_00=256'b0110000100...
Compiling module xil_defaultlib.inst_ram_blk_mem_gen_prim_wrappe...
Compiling module xil_defaultlib.inst_ram_blk_mem_gen_prim_width_...
Compiling module xil_defaultlib.inst_ram_blk_mem_gen_prim_wrappe...
Compiling module xil_defaultlib.inst_ram_blk_mem_gen_prim_width_...
Compiling module xil_defaultlib.inst_ram_blk_mem_gen_prim_wrappe...
Compiling module xil_defaultlib.inst_ram_blk_mem_gen_prim_width_...
Compiling module xil_defaultlib.inst_ram_blk_mem_gen_prim_wrappe...
Compiling module xil_defaultlib.inst_ram_blk_mem_gen_prim_width_...
Compiling module xil_defaultlib.inst_ram_blk_mem_gen_prim_wrappe...
Compiling module xil_defaultlib.inst_ram_blk_mem_gen_prim_width_...
Compiling module xil_defaultlib.inst_ram_blk_mem_gen_prim_wrappe...
Compiling module xil_defaultlib.inst_ram_blk_mem_gen_prim_width_...
Compiling module xil_defaultlib.inst_ram_blk_mem_gen_prim_wrappe...
Compiling module xil_defaultlib.inst_ram_blk_mem_gen_prim_width_...
Compiling module unisims_ver.RB36_INTERNAL_VLOG(RDADDR_COLLIS...
Compiling module unisims_ver.RAMB36E1(INIT_00=256'b0110000000...
Compiling module xil_defaultlib.inst_ram_blk_mem_gen_prim_wrappe...
Compiling module xil_defaultlib.inst_ram_blk_mem_gen_prim_width_...
Compiling module xil_defaultlib.inst_ram_blk_mem_gen_prim_wrappe...
Compiling module xil_defaultlib.inst_ram_blk_mem_gen_prim_width_...
Compiling module xil_defaultlib.inst_ram_blk_mem_gen_prim_wrappe...
Compiling module xil_defaultlib.inst_ram_blk_mem_gen_prim_width_...
Compiling module xil_defaultlib.inst_ram_blk_mem_gen_prim_wrappe...
Compiling module xil_defaultlib.inst_ram_blk_mem_gen_prim_width_...
Compiling module xil_defaultlib.inst_ram_blk_mem_gen_prim_wrappe...
Compiling module xil_defaultlib.inst_ram_blk_mem_gen_prim_width_...
Compiling module xil_defaultlib.inst_ram_blk_mem_gen_prim_wrappe...
Compiling module xil_defaultlib.inst_ram_blk_mem_gen_prim_width_...
Compiling module xil_defaultlib.inst_ram_blk_mem_gen_prim_wrappe...
Compiling module xil_defaultlib.inst_ram_blk_mem_gen_prim_width_...
Compiling module xil_defaultlib.inst_ram_blk_mem_gen_prim_wrappe...
Compiling module xil_defaultlib.inst_ram_blk_mem_gen_prim_width_...
Compiling module xil_defaultlib.inst_ram_blk_mem_gen_prim_wrappe...
Compiling module xil_defaultlib.inst_ram_blk_mem_gen_prim_width_...
Compiling module xil_defaultlib.inst_ram_blk_mem_gen_prim_wrappe...
Compiling module xil_defaultlib.inst_ram_blk_mem_gen_prim_width_...
Compiling module xil_defaultlib.inst_ram_blk_mem_gen_prim_wrappe...
Compiling module xil_defaultlib.inst_ram_blk_mem_gen_prim_width_...
Compiling module unisims_ver.RB36_INTERNAL_VLOG(RDADDR_COLLIS...
Compiling module unisims_ver.RAMB36E1(INIT_00=256'b0111010100...
Compiling module xil_defaultlib.inst_ram_blk_mem_gen_prim_wrappe...
Compiling module xil_defaultlib.inst_ram_blk_mem_gen_prim_width_...
Compiling module xil_defaultlib.inst_ram_blk_mem_gen_prim_wrappe...
Compiling module xil_defaultlib.inst_ram_blk_mem_gen_prim_width_...
Compiling module xil_defaultlib.inst_ram_blk_mem_gen_prim_wrappe...
Compiling module xil_defaultlib.inst_ram_blk_mem_gen_prim_width_...
Compiling module xil_defaultlib.inst_ram_blk_mem_gen_prim_wrappe...
Compiling module xil_defaultlib.inst_ram_blk_mem_gen_prim_width_...
Compiling module xil_defaultlib.inst_ram_blk_mem_gen_prim_wrappe...
Compiling module xil_defaultlib.inst_ram_blk_mem_gen_prim_width_...
Compiling module xil_defaultlib.inst_ram_blk_mem_gen_prim_wrappe...
Compiling module xil_defaultlib.inst_ram_blk_mem_gen_prim_width_...
Compiling module xil_defaultlib.inst_ram_blk_mem_gen_prim_wrappe...
Compiling module xil_defaultlib.inst_ram_blk_mem_gen_prim_width_...
Compiling module xil_defaultlib.inst_ram_blk_mem_gen_prim_wrappe...
Compiling module xil_defaultlib.inst_ram_blk_mem_gen_prim_width_...
Compiling module xil_defaultlib.inst_ram_blk_mem_gen_prim_wrappe...
Compiling module xil_defaultlib.inst_ram_blk_mem_gen_prim_width_...
Compiling module xil_defaultlib.inst_ram_blk_mem_gen_prim_wrappe...
Compiling module xil_defaultlib.inst_ram_blk_mem_gen_prim_width_...
Compiling module xil_defaultlib.inst_ram_blk_mem_gen_prim_wrappe...
Compiling module xil_defaultlib.inst_ram_blk_mem_gen_prim_width_...
Compiling module unisims_ver.RB36_INTERNAL_VLOG(RDADDR_COLLIS...
Compiling module unisims_ver.RAMB36E1(INIT_00=256'b0101100000...
Compiling module xil_defaultlib.inst_ram_blk_mem_gen_prim_wrappe...
Compiling module xil_defaultlib.inst_ram_blk_mem_gen_prim_width_...
Compiling module xil_defaultlib.inst_ram_blk_mem_gen_prim_wrappe...
Compiling module xil_defaultlib.inst_ram_blk_mem_gen_prim_width_...
Compiling module xil_defaultlib.inst_ram_blk_mem_gen_prim_wrappe...
Compiling module xil_defaultlib.inst_ram_blk_mem_gen_prim_width_...
Compiling module unisims_ver.RB36_INTERNAL_VLOG(RDADDR_COLLIS...
Compiling module unisims_ver.RAMB36E1(INIT_00=256'b0100011010...
Compiling module xil_defaultlib.inst_ram_blk_mem_gen_prim_wrappe...
Compiling module xil_defaultlib.inst_ram_blk_mem_gen_prim_width_...
Compiling module unisims_ver.RB36_INTERNAL_VLOG(RDADDR_COLLIS...
Compiling module unisims_ver.RAMB36E1(INIT_00=256'b0110101001...
Compiling module xil_defaultlib.inst_ram_blk_mem_gen_prim_wrappe...
Compiling module xil_defaultlib.inst_ram_blk_mem_gen_prim_width_...
Compiling module unisims_ver.RB36_INTERNAL_VLOG(RDADDR_COLLIS...
Compiling module unisims_ver.RAMB36E1(INIT_00=256'b0101000000...
Compiling module xil_defaultlib.inst_ram_blk_mem_gen_prim_wrappe...
Compiling module xil_defaultlib.inst_ram_blk_mem_gen_prim_width_...
Compiling module unisims_ver.RB36_INTERNAL_VLOG(RDADDR_COLLIS...
Compiling module unisims_ver.RAMB36E1(INIT_00=256'b0100001001...
Compiling module xil_defaultlib.inst_ram_blk_mem_gen_prim_wrappe...
Compiling module xil_defaultlib.inst_ram_blk_mem_gen_prim_width_...
Compiling module unisims_ver.RB36_INTERNAL_VLOG(RDADDR_COLLIS...
Compiling module unisims_ver.RAMB36E1(INIT_00=256'b0110100001...
Compiling module xil_defaultlib.inst_ram_blk_mem_gen_prim_wrappe...
Compiling module xil_defaultlib.inst_ram_blk_mem_gen_prim_width_...
Compiling module unisims_ver.RB36_INTERNAL_VLOG(RDADDR_COLLIS...
Compiling module unisims_ver.RAMB36E1(INIT_00=256'b0100110100...
Compiling module xil_defaultlib.inst_ram_blk_mem_gen_prim_wrappe...
Compiling module xil_defaultlib.inst_ram_blk_mem_gen_prim_width_...
Compiling module unisims_ver.RB36_INTERNAL_VLOG(RDADDR_COLLIS...
Compiling module unisims_ver.RAMB36E1(INIT_00=256'b0101000011...
Compiling module xil_defaultlib.inst_ram_blk_mem_gen_prim_wrappe...
Compiling module xil_defaultlib.inst_ram_blk_mem_gen_prim_width_...
Compiling module unisims_ver.RB36_INTERNAL_VLOG(RDADDR_COLLIS...
Compiling module unisims_ver.RAMB36E1(INIT_00=256'b0100000010...
Compiling module xil_defaultlib.inst_ram_blk_mem_gen_prim_wrappe...
Compiling module xil_defaultlib.inst_ram_blk_mem_gen_prim_width_...
Compiling module unisims_ver.RB36_INTERNAL_VLOG(RDADDR_COLLIS...
Compiling module unisims_ver.RAMB36E1(INIT_00=256'b1111100000...
Compiling module xil_defaultlib.inst_ram_blk_mem_gen_prim_wrappe...
Compiling module xil_defaultlib.inst_ram_blk_mem_gen_prim_width_...
Compiling module unisims_ver.RB36_INTERNAL_VLOG(RDADDR_COLLIS...
Compiling module unisims_ver.RAMB36E1(INIT_00=256'b1001011000...
Compiling module xil_defaultlib.inst_ram_blk_mem_gen_prim_wrappe...
Compiling module xil_defaultlib.inst_ram_blk_mem_gen_prim_width_...
Compiling module unisims_ver.RB36_INTERNAL_VLOG(RDADDR_COLLIS...
Compiling module unisims_ver.RAMB36E1(INIT_00=256'b0100000000...
Compiling module xil_defaultlib.inst_ram_blk_mem_gen_prim_wrappe...
Compiling module xil_defaultlib.inst_ram_blk_mem_gen_prim_width_...
Compiling module unisims_ver.RB36_INTERNAL_VLOG(RDADDR_COLLIS...
Compiling module unisims_ver.RAMB36E1(INIT_00=256'b0101000000...
Compiling module xil_defaultlib.inst_ram_blk_mem_gen_prim_wrappe...
Compiling module xil_defaultlib.inst_ram_blk_mem_gen_prim_width_...
Compiling module unisims_ver.RB36_INTERNAL_VLOG(RDADDR_COLLIS...
Compiling module unisims_ver.RAMB36E1(INIT_00=256'b0110101001...
Compiling module xil_defaultlib.inst_ram_blk_mem_gen_prim_wrappe...
Compiling module xil_defaultlib.inst_ram_blk_mem_gen_prim_width_...
Compiling module unisims_ver.RB36_INTERNAL_VLOG(RDADDR_COLLIS...
Compiling module unisims_ver.RAMB36E1(INIT_00=256'b0111100000...
Compiling module xil_defaultlib.inst_ram_blk_mem_gen_prim_wrappe...
Compiling module xil_defaultlib.inst_ram_blk_mem_gen_prim_width_...
Compiling module unisims_ver.RB36_INTERNAL_VLOG(RDADDR_COLLIS...
Compiling module unisims_ver.RAMB36E1(INIT_00=256'b1010110010...
Compiling module xil_defaultlib.inst_ram_blk_mem_gen_prim_wrappe...
Compiling module xil_defaultlib.inst_ram_blk_mem_gen_prim_width_...
Compiling module unisims_ver.RB36_INTERNAL_VLOG(RDADDR_COLLIS...
Compiling module unisims_ver.RAMB36E1(INIT_00=256'b0100100001...
Compiling module xil_defaultlib.inst_ram_blk_mem_gen_prim_wrappe...
Compiling module xil_defaultlib.inst_ram_blk_mem_gen_prim_width_...
Compiling module unisims_ver.RB36_INTERNAL_VLOG(RDADDR_COLLIS...
Compiling module unisims_ver.RAMB36E1(INIT_00=256'b0111100100...
Compiling module xil_defaultlib.inst_ram_blk_mem_gen_prim_wrappe...
Compiling module xil_defaultlib.inst_ram_blk_mem_gen_prim_width_...
Compiling module unisims_ver.RB36_INTERNAL_VLOG(RDADDR_COLLIS...
Compiling module unisims_ver.RAMB36E1(INIT_00=256'b0100000011...
Compiling module xil_defaultlib.inst_ram_blk_mem_gen_prim_wrappe...
Compiling module xil_defaultlib.inst_ram_blk_mem_gen_prim_width_...
Compiling module unisims_ver.RB36_INTERNAL_VLOG(RDADDR_COLLIS...
Compiling module unisims_ver.RAMB36E1(INIT_00=256'b0101100000...
Compiling module xil_defaultlib.inst_ram_blk_mem_gen_prim_wrappe...
Compiling module xil_defaultlib.inst_ram_blk_mem_gen_prim_width_...
Compiling module unisims_ver.RB36_INTERNAL_VLOG(RDADDR_COLLIS...
Compiling module unisims_ver.RAMB36E1(INIT_00=256'b0100100001...
Compiling module xil_defaultlib.inst_ram_blk_mem_gen_prim_wrappe...
Compiling module xil_defaultlib.inst_ram_blk_mem_gen_prim_width_...
Compiling module unisims_ver.RB36_INTERNAL_VLOG(RDADDR_COLLIS...
Compiling module unisims_ver.RAMB36E1(INIT_00=256'b0101010000...
Compiling module xil_defaultlib.inst_ram_blk_mem_gen_prim_wrappe...
Compiling module xil_defaultlib.inst_ram_blk_mem_gen_prim_width_...
Compiling module unisims_ver.RB36_INTERNAL_VLOG(RDADDR_COLLIS...
Compiling module unisims_ver.RAMB36E1(INIT_00=256'b0101000000...
Compiling module xil_defaultlib.inst_ram_blk_mem_gen_prim_wrappe...
Compiling module xil_defaultlib.inst_ram_blk_mem_gen_prim_width_...
Compiling module unisims_ver.RB36_INTERNAL_VLOG(RDADDR_COLLIS...
Compiling module unisims_ver.RAMB36E1(INIT_00=256'b0100101001...
Compiling module xil_defaultlib.inst_ram_blk_mem_gen_prim_wrappe...
Compiling module xil_defaultlib.inst_ram_blk_mem_gen_prim_width_...
Compiling module unisims_ver.RB36_INTERNAL_VLOG(RDADDR_COLLIS...
Compiling module unisims_ver.RAMB36E1(INIT_00=256'b0100100100...
Compiling module xil_defaultlib.inst_ram_blk_mem_gen_prim_wrappe...
Compiling module xil_defaultlib.inst_ram_blk_mem_gen_prim_width_...
Compiling module unisims_ver.RB36_INTERNAL_VLOG(RDADDR_COLLIS...
Compiling module unisims_ver.RAMB36E1(INIT_00=256'b0100000000...
Compiling module xil_defaultlib.inst_ram_blk_mem_gen_prim_wrappe...
Compiling module xil_defaultlib.inst_ram_blk_mem_gen_prim_width_...
Compiling module unisims_ver.RB36_INTERNAL_VLOG(RDADDR_COLLIS...
Compiling module unisims_ver.RAMB36E1(INIT_00=256'b0101001101...
Compiling module xil_defaultlib.inst_ram_blk_mem_gen_prim_wrappe...
Compiling module xil_defaultlib.inst_ram_blk_mem_gen_prim_width_...
Compiling module unisims_ver.RB36_INTERNAL_VLOG(RDADDR_COLLIS...
Compiling module unisims_ver.RAMB36E1(INIT_00=256'b0101000000...
Compiling module xil_defaultlib.inst_ram_blk_mem_gen_prim_wrappe...
Compiling module xil_defaultlib.inst_ram_blk_mem_gen_prim_width_...
Compiling module unisims_ver.RB36_INTERNAL_VLOG(RDADDR_COLLIS...
Compiling module unisims_ver.RAMB36E1(INIT_00=256'b0100110100...
Compiling module xil_defaultlib.inst_ram_blk_mem_gen_prim_wrappe...
Compiling module xil_defaultlib.inst_ram_blk_mem_gen_prim_width_...
Compiling module unisims_ver.RB36_INTERNAL_VLOG(RDADDR_COLLIS...
Compiling module unisims_ver.RAMB36E1(INIT_00=256'b0111100000...
Compiling module xil_defaultlib.inst_ram_blk_mem_gen_prim_wrappe...
Compiling module xil_defaultlib.inst_ram_blk_mem_gen_prim_width_...
Compiling module unisims_ver.RB36_INTERNAL_VLOG(RDADDR_COLLIS...
Compiling module unisims_ver.RAMB36E1(INIT_00=256'b1000110010...
Compiling module xil_defaultlib.inst_ram_blk_mem_gen_prim_wrappe...
Compiling module xil_defaultlib.inst_ram_blk_mem_gen_prim_width_...
Compiling module unisims_ver.RB36_INTERNAL_VLOG(RDADDR_COLLIS...
Compiling module unisims_ver.RAMB36E1(INIT_00=256'b0110100001...
Compiling module xil_defaultlib.inst_ram_blk_mem_gen_prim_wrappe...
Compiling module xil_defaultlib.inst_ram_blk_mem_gen_prim_width_...
Compiling module unisims_ver.RB36_INTERNAL_VLOG(RDADDR_COLLIS...
Compiling module unisims_ver.RAMB36E1(INIT_00=256'b0100100000...
Compiling module xil_defaultlib.inst_ram_blk_mem_gen_prim_wrappe...
Compiling module xil_defaultlib.inst_ram_blk_mem_gen_prim_width_...
Compiling module unisims_ver.RB36_INTERNAL_VLOG(RDADDR_COLLIS...
Compiling module unisims_ver.RAMB36E1(INIT_00=256'b0111100001...
Compiling module xil_defaultlib.inst_ram_blk_mem_gen_prim_wrappe...
Compiling module xil_defaultlib.inst_ram_blk_mem_gen_prim_width_...
Compiling module unisims_ver.RB36_INTERNAL_VLOG(RDADDR_COLLIS...
Compiling module unisims_ver.RAMB36E1(INIT_00=256'b0100100001...
Compiling module xil_defaultlib.inst_ram_blk_mem_gen_prim_wrappe...
Compiling module xil_defaultlib.inst_ram_blk_mem_gen_prim_width_...
Compiling module unisims_ver.RB36_INTERNAL_VLOG(RDADDR_COLLIS...
Compiling module unisims_ver.RAMB36E1(INIT_00=256'b0111100001...
Compiling module xil_defaultlib.inst_ram_blk_mem_gen_prim_wrappe...
Compiling module xil_defaultlib.inst_ram_blk_mem_gen_prim_width_...
Compiling module unisims_ver.RB36_INTERNAL_VLOG(RDADDR_COLLIS...
Compiling module unisims_ver.RAMB36E1(INIT_00=256'b0110101001...
Compiling module xil_defaultlib.inst_ram_blk_mem_gen_prim_wrappe...
Compiling module xil_defaultlib.inst_ram_blk_mem_gen_prim_width_...
Compiling module unisims_ver.RB36_INTERNAL_VLOG(RDADDR_COLLIS...
Compiling module unisims_ver.RAMB36E1(INIT_00=256'b0110101001...
Compiling module xil_defaultlib.inst_ram_blk_mem_gen_prim_wrappe...
Compiling module xil_defaultlib.inst_ram_blk_mem_gen_prim_width_...
Compiling module unisims_ver.RB36_INTERNAL_VLOG(RDADDR_COLLIS...
Compiling module unisims_ver.RAMB36E1(INIT_00=256'b0100110100...
Compiling module xil_defaultlib.inst_ram_blk_mem_gen_prim_wrappe...
Compiling module xil_defaultlib.inst_ram_blk_mem_gen_prim_width_...
Compiling module unisims_ver.RB36_INTERNAL_VLOG(RDADDR_COLLIS...
Compiling module unisims_ver.RAMB36E1(INIT_00=256'b0111100000...
Compiling module xil_defaultlib.inst_ram_blk_mem_gen_prim_wrappe...
Compiling module xil_defaultlib.inst_ram_blk_mem_gen_prim_width_...
Compiling module unisims_ver.RB36_INTERNAL_VLOG(RDADDR_COLLIS...
Compiling module unisims_ver.RAMB36E1(INIT_00=256'b0111100001...
Compiling module xil_defaultlib.inst_ram_blk_mem_gen_prim_wrappe...
Compiling module xil_defaultlib.inst_ram_blk_mem_gen_prim_width_...
Compiling module xil_defaultlib.inst_ram_blk_mem_gen_prim_wrappe...
Compiling module xil_defaultlib.inst_ram_blk_mem_gen_prim_width_...
Compiling module xil_defaultlib.inst_ram_blk_mem_gen_prim_wrappe...
Compiling module xil_defaultlib.inst_ram_blk_mem_gen_prim_width_...
Compiling module unisims_ver.RB36_INTERNAL_VLOG(RDADDR_COLLIS...
Compiling module unisims_ver.RAMB36E1(INIT_00=256'b1111011001...
Compiling module xil_defaultlib.inst_ram_blk_mem_gen_prim_wrappe...
Compiling module xil_defaultlib.inst_ram_blk_mem_gen_prim_width_...
Compiling module xil_defaultlib.inst_ram_blk_mem_gen_prim_wrappe...
Compiling module xil_defaultlib.inst_ram_blk_mem_gen_prim_width_...
Compiling module xil_defaultlib.inst_ram_blk_mem_gen_prim_wrappe...
Compiling module xil_defaultlib.inst_ram_blk_mem_gen_prim_width_...
Compiling module xil_defaultlib.inst_ram_blk_mem_gen_prim_wrappe...
Compiling module xil_defaultlib.inst_ram_blk_mem_gen_prim_width_...
Compiling module xil_defaultlib.inst_ram_blk_mem_gen_prim_wrappe...
Compiling module xil_defaultlib.inst_ram_blk_mem_gen_prim_width_...
Compiling module xil_defaultlib.inst_ram_blk_mem_gen_prim_wrappe...
Compiling module xil_defaultlib.inst_ram_blk_mem_gen_prim_width_...
Compiling module xil_defaultlib.inst_ram_blk_mem_gen_prim_wrappe...
Compiling module xil_defaultlib.inst_ram_blk_mem_gen_prim_width_...
Compiling module xil_defaultlib.inst_ram_blk_mem_gen_prim_wrappe...
Compiling module xil_defaultlib.inst_ram_blk_mem_gen_prim_width_...
Compiling module xil_defaultlib.inst_ram_blk_mem_gen_prim_wrappe...
Compiling module xil_defaultlib.inst_ram_blk_mem_gen_prim_width_...
Compiling module xil_defaultlib.inst_ram_blk_mem_gen_prim_wrappe...
Compiling module xil_defaultlib.inst_ram_blk_mem_gen_prim_width_...
Compiling module xil_defaultlib.inst_ram_blk_mem_gen_prim_wrappe...
Compiling module xil_defaultlib.inst_ram_blk_mem_gen_prim_width_...
Compiling module unisims_ver.RB36_INTERNAL_VLOG(RDADDR_COLLIS...
Compiling module unisims_ver.RAMB36E1(INIT_00=256'b0101000100...
Compiling module xil_defaultlib.inst_ram_blk_mem_gen_prim_wrappe...
Compiling module xil_defaultlib.inst_ram_blk_mem_gen_prim_width_...
Compiling module xil_defaultlib.inst_ram_blk_mem_gen_prim_wrappe...
Compiling module xil_defaultlib.inst_ram_blk_mem_gen_prim_width_...
Compiling module xil_defaultlib.inst_ram_blk_mem_gen_prim_wrappe...
Compiling module xil_defaultlib.inst_ram_blk_mem_gen_prim_width_...
Compiling module xil_defaultlib.inst_ram_blk_mem_gen_prim_wrappe...
Compiling module xil_defaultlib.inst_ram_blk_mem_gen_prim_width_...
Compiling module xil_defaultlib.inst_ram_blk_mem_gen_prim_wrappe...
Compiling module xil_defaultlib.inst_ram_blk_mem_gen_prim_width_...
Compiling module xil_defaultlib.inst_ram_blk_mem_gen_prim_wrappe...
Compiling module xil_defaultlib.inst_ram_blk_mem_gen_prim_width_...
Compiling module xil_defaultlib.inst_ram_blk_mem_gen_prim_wrappe...
Compiling module xil_defaultlib.inst_ram_blk_mem_gen_prim_width_...
Compiling module xil_defaultlib.inst_ram_blk_mem_gen_prim_wrappe...
Compiling module xil_defaultlib.inst_ram_blk_mem_gen_prim_width_...
Compiling module xil_defaultlib.inst_ram_blk_mem_gen_prim_wrappe...
Compiling module xil_defaultlib.inst_ram_blk_mem_gen_prim_width_...
Compiling module xil_defaultlib.inst_ram_blk_mem_gen_prim_wrappe...
Compiling module xil_defaultlib.inst_ram_blk_mem_gen_prim_width_...
Compiling module xil_defaultlib.inst_ram_blk_mem_gen_prim_wrappe...
Compiling module xil_defaultlib.inst_ram_blk_mem_gen_prim_width_...
Compiling module unisims_ver.RB36_INTERNAL_VLOG(RDADDR_COLLIS...
Compiling module unisims_ver.RAMB36E1(INIT_00=256'b0100001110...
Compiling module xil_defaultlib.inst_ram_blk_mem_gen_prim_wrappe...
Compiling module xil_defaultlib.inst_ram_blk_mem_gen_prim_width_...
Compiling module xil_defaultlib.inst_ram_blk_mem_gen_prim_wrappe...
Compiling module xil_defaultlib.inst_ram_blk_mem_gen_prim_width_...
Compiling module xil_defaultlib.inst_ram_blk_mem_gen_prim_wrappe...
Compiling module xil_defaultlib.inst_ram_blk_mem_gen_prim_width_...
Compiling module xil_defaultlib.inst_ram_blk_mem_gen_prim_wrappe...
Compiling module xil_defaultlib.inst_ram_blk_mem_gen_prim_width_...
Compiling module xil_defaultlib.inst_ram_blk_mem_gen_prim_wrappe...
Compiling module xil_defaultlib.inst_ram_blk_mem_gen_prim_width_...
Compiling module xil_defaultlib.inst_ram_blk_mem_gen_prim_wrappe...
Compiling module xil_defaultlib.inst_ram_blk_mem_gen_prim_width_...
Compiling module xil_defaultlib.inst_ram_blk_mem_gen_prim_wrappe...
Compiling module xil_defaultlib.inst_ram_blk_mem_gen_prim_width_...
Compiling module unisims_ver.RB36_INTERNAL_VLOG(RDADDR_COLLIS...
Compiling module unisims_ver.RAMB36E1(INIT_00=256'b1101101100...
Compiling module xil_defaultlib.inst_ram_blk_mem_gen_prim_wrappe...
Compiling module xil_defaultlib.inst_ram_blk_mem_gen_prim_width_...
Compiling module unisims_ver.RB36_INTERNAL_VLOG(RDADDR_COLLIS...
Compiling module unisims_ver.RAMB36E1(INIT_00=256'b1010110010...
Compiling module xil_defaultlib.inst_ram_blk_mem_gen_prim_wrappe...
Compiling module xil_defaultlib.inst_ram_blk_mem_gen_prim_width_...
Compiling module unisims_ver.RB36_INTERNAL_VLOG(RDADDR_COLLIS...
Compiling module unisims_ver.RAMB36E1(INIT_00=256'b1100001111...
Compiling module xil_defaultlib.inst_ram_blk_mem_gen_prim_wrappe...
Compiling module xil_defaultlib.inst_ram_blk_mem_gen_prim_width_...
Compiling module unisims_ver.RB36_INTERNAL_VLOG(RDADDR_COLLIS...
Compiling module unisims_ver.RAMB36E1(INIT_00=256'b0101010101...
Compiling module xil_defaultlib.inst_ram_blk_mem_gen_prim_wrappe...
Compiling module xil_defaultlib.inst_ram_blk_mem_gen_prim_width_...
Compiling module unisims_ver.RB36_INTERNAL_VLOG(RDADDR_COLLIS...
Compiling module unisims_ver.RAMB36E1(INIT_00=256'b0100011100...
Compiling module xil_defaultlib.inst_ram_blk_mem_gen_prim_wrappe...
Compiling module xil_defaultlib.inst_ram_blk_mem_gen_prim_width_...
Compiling module unisims_ver.RB36_INTERNAL_VLOG(RDADDR_COLLIS...
Compiling module unisims_ver.RAMB36E1(INIT_00=256'b0100111000...
Compiling module xil_defaultlib.inst_ram_blk_mem_gen_prim_wrappe...
Compiling module xil_defaultlib.inst_ram_blk_mem_gen_prim_width_...
Compiling module unisims_ver.RB36_INTERNAL_VLOG(RDADDR_COLLIS...
Compiling module unisims_ver.RAMB36E1(INIT_00=256'b1101011110...
Compiling module xil_defaultlib.inst_ram_blk_mem_gen_prim_wrappe...
Compiling module xil_defaultlib.inst_ram_blk_mem_gen_prim_width_...
Compiling module unisims_ver.RB36_INTERNAL_VLOG(RDADDR_COLLIS...
Compiling module unisims_ver.RAMB36E1(INIT_00=256'b1010001010...
Compiling module xil_defaultlib.inst_ram_blk_mem_gen_prim_wrappe...
Compiling module xil_defaultlib.inst_ram_blk_mem_gen_prim_width_...
Compiling module unisims_ver.RB36_INTERNAL_VLOG(RDADDR_COLLIS...
Compiling module unisims_ver.RAMB36E1(INIT_00=256'b1001110001...
Compiling module xil_defaultlib.inst_ram_blk_mem_gen_prim_wrappe...
Compiling module xil_defaultlib.inst_ram_blk_mem_gen_prim_width_...
Compiling module unisims_ver.RB36_INTERNAL_VLOG(RDADDR_COLLIS...
Compiling module unisims_ver.RAMB36E1(INIT_00=256'b0100010001...
Compiling module xil_defaultlib.inst_ram_blk_mem_gen_prim_wrappe...
Compiling module xil_defaultlib.inst_ram_blk_mem_gen_prim_width_...
Compiling module unisims_ver.RB36_INTERNAL_VLOG(RDADDR_COLLIS...
Compiling module unisims_ver.RAMB36E1(INIT_00=256'b1100100100...
Compiling module xil_defaultlib.inst_ram_blk_mem_gen_prim_wrappe...
Compiling module xil_defaultlib.inst_ram_blk_mem_gen_prim_width_...
Compiling module unisims_ver.RB36_INTERNAL_VLOG(RDADDR_COLLIS...
Compiling module unisims_ver.RAMB36E1(INIT_00=256'b0110000000...
Compiling module xil_defaultlib.inst_ram_blk_mem_gen_prim_wrappe...
Compiling module xil_defaultlib.inst_ram_blk_mem_gen_prim_width_...
Compiling module xil_defaultlib.inst_ram_blk_mem_gen_prim_wrappe...
Compiling module xil_defaultlib.inst_ram_blk_mem_gen_prim_width_...
Compiling module xil_defaultlib.inst_ram_blk_mem_gen_prim_wrappe...
Compiling module xil_defaultlib.inst_ram_blk_mem_gen_prim_width_...
Compiling module xil_defaultlib.inst_ram_blk_mem_gen_prim_wrappe...
Compiling module xil_defaultlib.inst_ram_blk_mem_gen_prim_width_...
Compiling module xil_defaultlib.inst_ram_blk_mem_gen_prim_wrappe...
Compiling module xil_defaultlib.inst_ram_blk_mem_gen_prim_width_...
Compiling module unisims_ver.RB36_INTERNAL_VLOG(RDADDR_COLLIS...
Compiling module unisims_ver.RAMB36E1(INIT_00=256'b0100111011...
Compiling module xil_defaultlib.inst_ram_blk_mem_gen_prim_wrappe...
Compiling module xil_defaultlib.inst_ram_blk_mem_gen_prim_width_...
Compiling module xil_defaultlib.inst_ram_blk_mem_gen_prim_wrappe...
Compiling module xil_defaultlib.inst_ram_blk_mem_gen_prim_width_...
Compiling module xil_defaultlib.inst_ram_blk_mem_gen_prim_wrappe...
Compiling module xil_defaultlib.inst_ram_blk_mem_gen_prim_width_...
Compiling module xil_defaultlib.inst_ram_blk_mem_gen_prim_wrappe...
Compiling module xil_defaultlib.inst_ram_blk_mem_gen_prim_width_...
Compiling module xil_defaultlib.inst_ram_blk_mem_gen_prim_wrappe...
Compiling module xil_defaultlib.inst_ram_blk_mem_gen_prim_width_...
Compiling module xil_defaultlib.inst_ram_blk_mem_gen_prim_wrappe...
Compiling module xil_defaultlib.inst_ram_blk_mem_gen_prim_width_...
Compiling module xil_defaultlib.inst_ram_blk_mem_gen_prim_wrappe...
Compiling module xil_defaultlib.inst_ram_blk_mem_gen_prim_width_...
Compiling module xil_defaultlib.inst_ram_blk_mem_gen_prim_wrappe...
Compiling module xil_defaultlib.inst_ram_blk_mem_gen_prim_width_...
Compiling module xil_defaultlib.inst_ram_blk_mem_gen_prim_wrappe...
Compiling module xil_defaultlib.inst_ram_blk_mem_gen_prim_width_...
Compiling module xil_defaultlib.inst_ram_blk_mem_gen_prim_wrappe...
Compiling module xil_defaultlib.inst_ram_blk_mem_gen_prim_width_...
Compiling module xil_defaultlib.inst_ram_blk_mem_gen_prim_wrappe...
Compiling module xil_defaultlib.inst_ram_blk_mem_gen_prim_width_...
Compiling module unisims_ver.RB36_INTERNAL_VLOG(RDADDR_COLLIS...
Compiling module unisims_ver.RAMB36E1(INIT_00=256'b0110100110...
Compiling module xil_defaultlib.inst_ram_blk_mem_gen_prim_wrappe...
Compiling module xil_defaultlib.inst_ram_blk_mem_gen_prim_width_...
Compiling module xil_defaultlib.inst_ram_blk_mem_gen_prim_wrappe...
Compiling module xil_defaultlib.inst_ram_blk_mem_gen_prim_width_...
Compiling module xil_defaultlib.inst_ram_blk_mem_gen_prim_wrappe...
Compiling module xil_defaultlib.inst_ram_blk_mem_gen_prim_width_...
Compiling module xil_defaultlib.inst_ram_blk_mem_gen_prim_wrappe...
Compiling module xil_defaultlib.inst_ram_blk_mem_gen_prim_width_...
Compiling module xil_defaultlib.inst_ram_blk_mem_gen_prim_wrappe...
Compiling module xil_defaultlib.inst_ram_blk_mem_gen_prim_width_...
Compiling module xil_defaultlib.inst_ram_blk_mem_gen_prim_wrappe...
Compiling module xil_defaultlib.inst_ram_blk_mem_gen_prim_width_...
Compiling module xil_defaultlib.inst_ram_blk_mem_gen_prim_wrappe...
Compiling module xil_defaultlib.inst_ram_blk_mem_gen_prim_width_...
Compiling module xil_defaultlib.inst_ram_blk_mem_gen_prim_wrappe...
Compiling module xil_defaultlib.inst_ram_blk_mem_gen_prim_width_...
Compiling module xil_defaultlib.inst_ram_blk_mem_gen_prim_wrappe...
Compiling module xil_defaultlib.inst_ram_blk_mem_gen_prim_width_...
Compiling module xil_defaultlib.inst_ram_blk_mem_gen_prim_wrappe...
Compiling module xil_defaultlib.inst_ram_blk_mem_gen_prim_width_...
Compiling module xil_defaultlib.inst_ram_blk_mem_gen_prim_wrappe...
Compiling module xil_defaultlib.inst_ram_blk_mem_gen_prim_width_...
Compiling module unisims_ver.RB36_INTERNAL_VLOG(RDADDR_COLLIS...
Compiling module unisims_ver.RAMB36E1(INIT_00=256'b0100100000...
Compiling module xil_defaultlib.inst_ram_blk_mem_gen_prim_wrappe...
Compiling module xil_defaultlib.inst_ram_blk_mem_gen_prim_width_...
Compiling module xil_defaultlib.inst_ram_blk_mem_gen_prim_wrappe...
Compiling module xil_defaultlib.inst_ram_blk_mem_gen_prim_width_...
Compiling module xil_defaultlib.inst_ram_blk_mem_gen_prim_wrappe...
Compiling module xil_defaultlib.inst_ram_blk_mem_gen_prim_width_...
Compiling module xil_defaultlib.inst_ram_blk_mem_gen_prim_wrappe...
Compiling module xil_defaultlib.inst_ram_blk_mem_gen_prim_width_...
Compiling module xil_defaultlib.inst_ram_blk_mem_gen_prim_wrappe...
Compiling module xil_defaultlib.inst_ram_blk_mem_gen_prim_width_...
Compiling module unisims_ver.RB36_INTERNAL_VLOG(RDADDR_COLLIS...
Compiling module unisims_ver.RAMB36E1(INIT_00=256'b0101100001...
Compiling module xil_defaultlib.inst_ram_blk_mem_gen_prim_wrappe...
Compiling module xil_defaultlib.inst_ram_blk_mem_gen_prim_width_...
Compiling module unisims_ver.RB36_INTERNAL_VLOG(RDADDR_COLLIS...
Compiling module unisims_ver.RAMB36E1(INIT_00=256'b1010110001...
Compiling module xil_defaultlib.inst_ram_blk_mem_gen_prim_wrappe...
Compiling module xil_defaultlib.inst_ram_blk_mem_gen_prim_width_...
Compiling module unisims_ver.RB36_INTERNAL_VLOG(RDADDR_COLLIS...
Compiling module unisims_ver.RAMB36E1(INIT_00=256'b0101000000...
Compiling module xil_defaultlib.inst_ram_blk_mem_gen_prim_wrappe...
Compiling module xil_defaultlib.inst_ram_blk_mem_gen_prim_width_...
Compiling module unisims_ver.RB36_INTERNAL_VLOG(RDADDR_COLLIS...
Compiling module unisims_ver.RAMB36E1(INIT_00=256'b0111110000...
Compiling module xil_defaultlib.inst_ram_blk_mem_gen_prim_wrappe...
Compiling module xil_defaultlib.inst_ram_blk_mem_gen_prim_width_...
Compiling module unisims_ver.RB36_INTERNAL_VLOG(RDADDR_COLLIS...
Compiling module unisims_ver.RAMB36E1(INIT_00=256'b1010111100...
Compiling module xil_defaultlib.inst_ram_blk_mem_gen_prim_wrappe...
Compiling module xil_defaultlib.inst_ram_blk_mem_gen_prim_width_...
Compiling module unisims_ver.RB36_INTERNAL_VLOG(RDADDR_COLLIS...
Compiling module unisims_ver.RAMB36E1(INIT_00=256'b0111110000...
Compiling module xil_defaultlib.inst_ram_blk_mem_gen_prim_wrappe...
Compiling module xil_defaultlib.inst_ram_blk_mem_gen_prim_width_...
Compiling module unisims_ver.RB36_INTERNAL_VLOG(RDADDR_COLLIS...
Compiling module unisims_ver.RAMB36E1(INIT_00=256'b0111110100...
Compiling module xil_defaultlib.inst_ram_blk_mem_gen_prim_wrappe...
Compiling module xil_defaultlib.inst_ram_blk_mem_gen_prim_width_...
Compiling module unisims_ver.RB36_INTERNAL_VLOG(RDADDR_COLLIS...
Compiling module unisims_ver.RAMB36E1(INIT_00=256'b0111100111...
Compiling module xil_defaultlib.inst_ram_blk_mem_gen_prim_wrappe...
Compiling module xil_defaultlib.inst_ram_blk_mem_gen_prim_width_...
Compiling module unisims_ver.RB36_INTERNAL_VLOG(RDADDR_COLLIS...
Compiling module unisims_ver.RAMB36E1(INIT_00=256'b0101110000...
Compiling module xil_defaultlib.inst_ram_blk_mem_gen_prim_wrappe...
Compiling module xil_defaultlib.inst_ram_blk_mem_gen_prim_width_...
Compiling module unisims_ver.RB36_INTERNAL_VLOG(RDADDR_COLLIS...
Compiling module unisims_ver.RAMB36E1(INIT_00=256'b0100011111...
Compiling module xil_defaultlib.inst_ram_blk_mem_gen_prim_wrappe...
Compiling module xil_defaultlib.inst_ram_blk_mem_gen_prim_width_...
Compiling module unisims_ver.RB36_INTERNAL_VLOG(RDADDR_COLLIS...
Compiling module unisims_ver.RAMB36E1(INIT_00=256'b0111100000...
Compiling module xil_defaultlib.inst_ram_blk_mem_gen_prim_wrappe...
Compiling module xil_defaultlib.inst_ram_blk_mem_gen_prim_width_...
Compiling module unisims_ver.RB36_INTERNAL_VLOG(RDADDR_COLLIS...
Compiling module unisims_ver.RAMB36E1(INIT_00=256'b0101001001...
Compiling module xil_defaultlib.inst_ram_blk_mem_gen_prim_wrappe...
Compiling module xil_defaultlib.inst_ram_blk_mem_gen_prim_width_...
Compiling module unisims_ver.RB36_INTERNAL_VLOG(RDADDR_COLLIS...
Compiling module unisims_ver.RAMB36E1(INIT_00=256'b1011101100...
Compiling module xil_defaultlib.inst_ram_blk_mem_gen_prim_wrappe...
Compiling module xil_defaultlib.inst_ram_blk_mem_gen_prim_width_...
Compiling module unisims_ver.RB36_INTERNAL_VLOG(RDADDR_COLLIS...
Compiling module unisims_ver.RAMB36E1(INIT_00=256'b0100100001...
Compiling module xil_defaultlib.inst_ram_blk_mem_gen_prim_wrappe...
Compiling module xil_defaultlib.inst_ram_blk_mem_gen_prim_width_...
Compiling module unisims_ver.RB36_INTERNAL_VLOG(RDADDR_COLLIS...
Compiling module unisims_ver.RAMB36E1(INIT_00=256'b0100000111...
Compiling module xil_defaultlib.inst_ram_blk_mem_gen_prim_wrappe...
Compiling module xil_defaultlib.inst_ram_blk_mem_gen_prim_width_...
Compiling module unisims_ver.RB36_INTERNAL_VLOG(RDADDR_COLLIS...
Compiling module unisims_ver.RAMB36E1(INIT_00=256'b0110111100...
Compiling module xil_defaultlib.inst_ram_blk_mem_gen_prim_wrappe...
Compiling module xil_defaultlib.inst_ram_blk_mem_gen_prim_width_...
Compiling module unisims_ver.RB36_INTERNAL_VLOG(RDADDR_COLLIS...
Compiling module unisims_ver.RAMB36E1(INIT_00=256'b0101000000...
Compiling module xil_defaultlib.inst_ram_blk_mem_gen_prim_wrappe...
Compiling module xil_defaultlib.inst_ram_blk_mem_gen_prim_width_...
Compiling module unisims_ver.RB36_INTERNAL_VLOG(RDADDR_COLLIS...
Compiling module unisims_ver.RAMB36E1(INIT_00=256'b0100000000...
Compiling module xil_defaultlib.inst_ram_blk_mem_gen_prim_wrappe...
Compiling module xil_defaultlib.inst_ram_blk_mem_gen_prim_width_...
Compiling module unisims_ver.RB36_INTERNAL_VLOG(RDADDR_COLLIS...
Compiling module unisims_ver.RAMB36E1(INIT_00=256'b0110111101...
Compiling module xil_defaultlib.inst_ram_blk_mem_gen_prim_wrappe...
Compiling module xil_defaultlib.inst_ram_blk_mem_gen_prim_width_...
Compiling module unisims_ver.RB36_INTERNAL_VLOG(RDADDR_COLLIS...
Compiling module unisims_ver.RAMB36E1(INIT_00=256'b0101010000...
Compiling module xil_defaultlib.inst_ram_blk_mem_gen_prim_wrappe...
Compiling module xil_defaultlib.inst_ram_blk_mem_gen_prim_width_...
Compiling module unisims_ver.RB36_INTERNAL_VLOG(RDADDR_COLLIS...
Compiling module unisims_ver.RAMB36E1(INIT_00=256'b0101000100...
Compiling module xil_defaultlib.inst_ram_blk_mem_gen_prim_wrappe...
Compiling module xil_defaultlib.inst_ram_blk_mem_gen_prim_width_...
Compiling module unisims_ver.RB36_INTERNAL_VLOG(RDADDR_COLLIS...
Compiling module unisims_ver.RAMB36E1(INIT_00=256'b1111111100...
Compiling module xil_defaultlib.inst_ram_blk_mem_gen_prim_wrappe...
Compiling module xil_defaultlib.inst_ram_blk_mem_gen_prim_width_...
Compiling module unisims_ver.RB36_INTERNAL_VLOG(RDADDR_COLLIS...
Compiling module unisims_ver.RAMB36E1(INIT_00=256'b0100000000...
Compiling module xil_defaultlib.inst_ram_blk_mem_gen_prim_wrappe...
Compiling module xil_defaultlib.inst_ram_blk_mem_gen_prim_width_...
Compiling module unisims_ver.RB36_INTERNAL_VLOG(RDADDR_COLLIS...
Compiling module unisims_ver.RAMB36E1(INIT_00=256'b0110100000...
Compiling module xil_defaultlib.inst_ram_blk_mem_gen_prim_wrappe...
Compiling module xil_defaultlib.inst_ram_blk_mem_gen_prim_width_...
Compiling module unisims_ver.RB36_INTERNAL_VLOG(RDADDR_COLLIS...
Compiling module unisims_ver.RAMB36E1(INIT_00=256'b1111111100...
Compiling module xil_defaultlib.inst_ram_blk_mem_gen_prim_wrappe...
Compiling module xil_defaultlib.inst_ram_blk_mem_gen_prim_width_...
Compiling module unisims_ver.RB36_INTERNAL_VLOG(RDADDR_COLLIS...
Compiling module unisims_ver.RAMB36E1(INIT_00=256'b0101000100...
Compiling module xil_defaultlib.inst_ram_blk_mem_gen_prim_wrappe...
Compiling module xil_defaultlib.inst_ram_blk_mem_gen_prim_width_...
Compiling module unisims_ver.RB36_INTERNAL_VLOG(RDADDR_COLLIS...
Compiling module unisims_ver.RAMB36E1(INIT_00=256'b0100001011...
Compiling module xil_defaultlib.inst_ram_blk_mem_gen_prim_wrappe...
Compiling module xil_defaultlib.inst_ram_blk_mem_gen_prim_width_...
Compiling module unisims_ver.RB36_INTERNAL_VLOG(RDADDR_COLLIS...
Compiling module unisims_ver.RAMB36E1(INIT_00=256'b1111110011...
Compiling module xil_defaultlib.inst_ram_blk_mem_gen_prim_wrappe...
Compiling module xil_defaultlib.inst_ram_blk_mem_gen_prim_width_...
Compiling module unisims_ver.RB36_INTERNAL_VLOG(RDADDR_COLLIS...
Compiling module unisims_ver.RAMB36E1(INIT_00=256'b0101100000...
Compiling module xil_defaultlib.inst_ram_blk_mem_gen_prim_wrappe...
Compiling module xil_defaultlib.inst_ram_blk_mem_gen_prim_width_...
Compiling module unisims_ver.RB36_INTERNAL_VLOG(RDADDR_COLLIS...
Compiling module unisims_ver.RAMB36E1(INIT_00=256'b0110111101...
Compiling module xil_defaultlib.inst_ram_blk_mem_gen_prim_wrappe...
Compiling module xil_defaultlib.inst_ram_blk_mem_gen_prim_width_...
Compiling module unisims_ver.RB36_INTERNAL_VLOG(RDADDR_COLLIS...
Compiling module unisims_ver.RAMB36E1(INIT_00=256'b0101100100...
Compiling module xil_defaultlib.inst_ram_blk_mem_gen_prim_wrappe...
Compiling module xil_defaultlib.inst_ram_blk_mem_gen_prim_width_...
Compiling module unisims_ver.RB36_INTERNAL_VLOG(RDADDR_COLLIS...
Compiling module unisims_ver.RAMB36E1(INIT_00=256'b0111001001...
Compiling module xil_defaultlib.inst_ram_blk_mem_gen_prim_wrappe...
Compiling module xil_defaultlib.inst_ram_blk_mem_gen_prim_width_...
Compiling module unisims_ver.RB36_INTERNAL_VLOG(RDADDR_COLLIS...
Compiling module unisims_ver.RAMB36E1(INIT_00=256'b0111000000...
Compiling module xil_defaultlib.inst_ram_blk_mem_gen_prim_wrappe...
Compiling module xil_defaultlib.inst_ram_blk_mem_gen_prim_width_...
Compiling module unisims_ver.RB36_INTERNAL_VLOG(RDADDR_COLLIS...
Compiling module unisims_ver.RAMB36E1(INIT_00=256'b0110000110...
Compiling module xil_defaultlib.inst_ram_blk_mem_gen_prim_wrappe...
Compiling module xil_defaultlib.inst_ram_blk_mem_gen_prim_width_...
Compiling module unisims_ver.RB36_INTERNAL_VLOG(RDADDR_COLLIS...
Compiling module unisims_ver.RAMB36E1(INIT_00=256'b1100011110...
Compiling module xil_defaultlib.inst_ram_blk_mem_gen_prim_wrappe...
Compiling module xil_defaultlib.inst_ram_blk_mem_gen_prim_width_...
Compiling module unisims_ver.RB36_INTERNAL_VLOG(RDADDR_COLLIS...
Compiling module unisims_ver.RAMB36E1(INIT_00=256'b0110110001...
Compiling module xil_defaultlib.inst_ram_blk_mem_gen_prim_wrappe...
Compiling module xil_defaultlib.inst_ram_blk_mem_gen_prim_width_...
Compiling module unisims_ver.RB36_INTERNAL_VLOG(RDADDR_COLLIS...
Compiling module unisims_ver.RAMB36E1(INIT_00=256'b0101010001...
Compiling module xil_defaultlib.inst_ram_blk_mem_gen_prim_wrappe...
Compiling module xil_defaultlib.inst_ram_blk_mem_gen_prim_width_...
Compiling module unisims_ver.RB36_INTERNAL_VLOG(RDADDR_COLLIS...
Compiling module unisims_ver.RAMB36E1(INIT_00=256'b1011111100...
Compiling module xil_defaultlib.inst_ram_blk_mem_gen_prim_wrappe...
Compiling module xil_defaultlib.inst_ram_blk_mem_gen_prim_width_...
Compiling module unisims_ver.RB36_INTERNAL_VLOG(RDADDR_COLLIS...
Compiling module unisims_ver.RAMB36E1(INIT_00=256'b1111010000...
Compiling module xil_defaultlib.inst_ram_blk_mem_gen_prim_wrappe...
Compiling module xil_defaultlib.inst_ram_blk_mem_gen_prim_width_...
Compiling module unisims_ver.RB36_INTERNAL_VLOG(RDADDR_COLLIS...
Compiling module unisims_ver.RAMB36E1(INIT_00=256'b0101110000...
Compiling module xil_defaultlib.inst_ram_blk_mem_gen_prim_wrappe...
Compiling module xil_defaultlib.inst_ram_blk_mem_gen_prim_width_...
Compiling module xil_defaultlib.inst_ram_blk_mem_gen_generic_cst...
Compiling module xil_defaultlib.inst_ram_blk_mem_gen_top
Compiling module xil_defaultlib.inst_ram_blk_mem_gen_v8_4_2_synt...
Compiling module xil_defaultlib.inst_ram_blk_mem_gen_v8_4_2
Compiling module xil_defaultlib.inst_ram
Compiling module xil_defaultlib.bridge_1x2
Compiling module blk_mem_gen_v8_4_2.blk_mem_gen_v8_4_2_output_stage(...
Compiling module blk_mem_gen_v8_4_2.blk_mem_gen_v8_4_2_output_stage(...
Compiling module blk_mem_gen_v8_4_2.blk_mem_gen_v8_4_2_softecc_outpu...
Compiling module blk_mem_gen_v8_4_2.blk_mem_gen_v8_4_2_mem_module(C_...
Compiling module blk_mem_gen_v8_4_2.blk_mem_gen_v8_4_2(C_FAMILY="art...
Compiling module xil_defaultlib.data_ram
Compiling module xil_defaultlib.confreg(SIMULATION=1'b1)
Compiling module xil_defaultlib.soc_lite_top(SIMULATION=1'b1)
Compiling module xil_defaultlib.tb_top
WARNING: [XSIM 43-3373] "/home/hejunwen/mycpu/soc_sram_func/testbench/mycpu_tb.v" Line 131. System function $fscanf is used as system task. This system function should have a LHS e.g. x=$fscanf().
Compiling module xil_defaultlib.glbl
Built simulation snapshot tb_top_behav
