INFO: [VRFC 10-2263] Analyzing Verilog file "/home/hejunwen/mycpu/soc_sram_func/rtl/xilinx_ip/clk_pll/clk_pll_clk_wiz.v" into library xil_defaultlib
INFO: [VRFC 10-311] analyzing module clk_pll_clk_wiz
INFO: [VRFC 10-2263] Analyzing Verilog file "/home/hejunwen/mycpu/soc_sram_func/rtl/xilinx_ip/clk_pll/clk_pll.v" into library xil_defaultlib
INFO: [VRFC 10-311] analyzing module clk_pll
INFO: [VRFC 10-2263] Analyzing Verilog file "/home/hejunwen/mycpu/soc_sram_func/rtl/xilinx_ip/data_ram/sim/data_ram.v" into library xil_defaultlib
INFO: [VRFC 10-311] analyzing module data_ram
INFO: [VRFC 10-2263] Analyzing Verilog file "/home/hejunwen/mycpu/soc_sram_func/rtl/xilinx_ip/inst_ram/inst_ram_sim_netlist.v" into library xil_defaultlib
INFO: [VRFC 10-311] analyzing module inst_ram
INFO: [VRFC 10-311] analyzing module inst_ram_blk_mem_gen_generic_cstr
INFO: [VRFC 10-311] analyzing module inst_ram_blk_mem_gen_mux
INFO: [VRFC 10-311] analyzing module inst_ram_blk_mem_gen_prim_width
INFO: [VRFC 10-311] analyzing module inst_ram_blk_mem_gen_prim_width__parameterized0
INFO: [VRFC 10-311] analyzing module inst_ram_blk_mem_gen_prim_width__parameterized1
INFO: [VRFC 10-311] analyzing module inst_ram_blk_mem_gen_prim_width__parameterized10
INFO: [VRFC 10-311] analyzing module inst_ram_blk_mem_gen_prim_width__parameterized100
INFO: [VRFC 10-311] analyzing module inst_ram_blk_mem_gen_prim_width__parameterized101
INFO: [VRFC 10-311] analyzing module inst_ram_blk_mem_gen_prim_width__parameterized102
INFO: [VRFC 10-311] analyzing module inst_ram_blk_mem_gen_prim_width__parameterized103
INFO: [VRFC 10-311] analyzing module inst_ram_blk_mem_gen_prim_width__parameterized104
INFO: [VRFC 10-311] analyzing module inst_ram_blk_mem_gen_prim_width__parameterized105
INFO: [VRFC 10-311] analyzing module inst_ram_blk_mem_gen_prim_width__parameterized106
INFO: [VRFC 10-311] analyzing module inst_ram_blk_mem_gen_prim_width__parameterized107
INFO: [VRFC 10-311] analyzing module inst_ram_blk_mem_gen_prim_width__parameterized108
INFO: [VRFC 10-311] analyzing module inst_ram_blk_mem_gen_prim_width__parameterized109
INFO: [VRFC 10-311] analyzing module inst_ram_blk_mem_gen_prim_width__parameterized11
INFO: [VRFC 10-311] analyzing module inst_ram_blk_mem_gen_prim_width__parameterized110
INFO: [VRFC 10-311] analyzing module inst_ram_blk_mem_gen_prim_width__parameterized111
INFO: [VRFC 10-311] analyzing module inst_ram_blk_mem_gen_prim_width__parameterized112
INFO: [VRFC 10-311] analyzing module inst_ram_blk_mem_gen_prim_width__parameterized113
INFO: [VRFC 10-311] analyzing module inst_ram_blk_mem_gen_prim_width__parameterized114
INFO: [VRFC 10-311] analyzing module inst_ram_blk_mem_gen_prim_width__parameterized115
INFO: [VRFC 10-311] analyzing module inst_ram_blk_mem_gen_prim_width__parameterized116
INFO: [VRFC 10-311] analyzing module inst_ram_blk_mem_gen_prim_width__parameterized117
INFO: [VRFC 10-311] analyzing module inst_ram_blk_mem_gen_prim_width__parameterized118
INFO: [VRFC 10-311] analyzing module inst_ram_blk_mem_gen_prim_width__parameterized119
INFO: [VRFC 10-311] analyzing module inst_ram_blk_mem_gen_prim_width__parameterized12
INFO: [VRFC 10-311] analyzing module inst_ram_blk_mem_gen_prim_width__parameterized120
INFO: [VRFC 10-311] analyzing module inst_ram_blk_mem_gen_prim_width__parameterized121
INFO: [VRFC 10-311] analyzing module inst_ram_blk_mem_gen_prim_width__parameterized122
INFO: [VRFC 10-311] analyzing module inst_ram_blk_mem_gen_prim_width__parameterized123
INFO: [VRFC 10-311] analyzing module inst_ram_blk_mem_gen_prim_width__parameterized124
INFO: [VRFC 10-311] analyzing module inst_ram_blk_mem_gen_prim_width__parameterized125
INFO: [VRFC 10-311] analyzing module inst_ram_blk_mem_gen_prim_width__parameterized126
INFO: [VRFC 10-311] analyzing module inst_ram_blk_mem_gen_prim_width__parameterized127
INFO: [VRFC 10-311] analyzing module inst_ram_blk_mem_gen_prim_width__parameterized128
INFO: [VRFC 10-311] analyzing module inst_ram_blk_mem_gen_prim_width__parameterized129
INFO: [VRFC 10-311] analyzing module inst_ram_blk_mem_gen_prim_width__parameterized13
INFO: [VRFC 10-311] analyzing module inst_ram_blk_mem_gen_prim_width__parameterized130
INFO: [VRFC 10-311] analyzing module inst_ram_blk_mem_gen_prim_width__parameterized131
INFO: [VRFC 10-311] analyzing module inst_ram_blk_mem_gen_prim_width__parameterized132
INFO: [VRFC 10-311] analyzing module inst_ram_blk_mem_gen_prim_width__parameterized133
INFO: [VRFC 10-311] analyzing module inst_ram_blk_mem_gen_prim_width__parameterized134
INFO: [VRFC 10-311] analyzing module inst_ram_blk_mem_gen_prim_width__parameterized135
INFO: [VRFC 10-311] analyzing module inst_ram_blk_mem_gen_prim_width__parameterized136
INFO: [VRFC 10-311] analyzing module inst_ram_blk_mem_gen_prim_width__parameterized137
INFO: [VRFC 10-311] analyzing module inst_ram_blk_mem_gen_prim_width__parameterized138
INFO: [VRFC 10-311] analyzing module inst_ram_blk_mem_gen_prim_width__parameterized139
INFO: [VRFC 10-311] analyzing module inst_ram_blk_mem_gen_prim_width__parameterized14
INFO: [VRFC 10-311] analyzing module inst_ram_blk_mem_gen_prim_width__parameterized140
INFO: [VRFC 10-311] analyzing module inst_ram_blk_mem_gen_prim_width__parameterized141
INFO: [VRFC 10-311] analyzing module inst_ram_blk_mem_gen_prim_width__parameterized142
INFO: [VRFC 10-311] analyzing module inst_ram_blk_mem_gen_prim_width__parameterized143
INFO: [VRFC 10-311] analyzing module inst_ram_blk_mem_gen_prim_width__parameterized144
INFO: [VRFC 10-311] analyzing module inst_ram_blk_mem_gen_prim_width__parameterized145
INFO: [VRFC 10-311] analyzing module inst_ram_blk_mem_gen_prim_width__parameterized146
INFO: [VRFC 10-311] analyzing module inst_ram_blk_mem_gen_prim_width__parameterized147
INFO: [VRFC 10-311] analyzing module inst_ram_blk_mem_gen_prim_width__parameterized148
INFO: [VRFC 10-311] analyzing module inst_ram_blk_mem_gen_prim_width__parameterized149
INFO: [VRFC 10-311] analyzing module inst_ram_blk_mem_gen_prim_width__parameterized15
INFO: [VRFC 10-311] analyzing module inst_ram_blk_mem_gen_prim_width__parameterized150
INFO: [VRFC 10-311] analyzing module inst_ram_blk_mem_gen_prim_width__parameterized151
INFO: [VRFC 10-311] analyzing module inst_ram_blk_mem_gen_prim_width__parameterized152
INFO: [VRFC 10-311] analyzing module inst_ram_blk_mem_gen_prim_width__parameterized153
INFO: [VRFC 10-311] analyzing module inst_ram_blk_mem_gen_prim_width__parameterized154
INFO: [VRFC 10-311] analyzing module inst_ram_blk_mem_gen_prim_width__parameterized155
INFO: [VRFC 10-311] analyzing module inst_ram_blk_mem_gen_prim_width__parameterized156
INFO: [VRFC 10-311] analyzing module inst_ram_blk_mem_gen_prim_width__parameterized157
INFO: [VRFC 10-311] analyzing module inst_ram_blk_mem_gen_prim_width__parameterized158
INFO: [VRFC 10-311] analyzing module inst_ram_blk_mem_gen_prim_width__parameterized159
INFO: [VRFC 10-311] analyzing module inst_ram_blk_mem_gen_prim_width__parameterized16
INFO: [VRFC 10-311] analyzing module inst_ram_blk_mem_gen_prim_width__parameterized160
INFO: [VRFC 10-311] analyzing module inst_ram_blk_mem_gen_prim_width__parameterized161
INFO: [VRFC 10-311] analyzing module inst_ram_blk_mem_gen_prim_width__parameterized162
INFO: [VRFC 10-311] analyzing module inst_ram_blk_mem_gen_prim_width__parameterized163
INFO: [VRFC 10-311] analyzing module inst_ram_blk_mem_gen_prim_width__parameterized164
INFO: [VRFC 10-311] analyzing module inst_ram_blk_mem_gen_prim_width__parameterized165
INFO: [VRFC 10-311] analyzing module inst_ram_blk_mem_gen_prim_width__parameterized166
INFO: [VRFC 10-311] analyzing module inst_ram_blk_mem_gen_prim_width__parameterized167
INFO: [VRFC 10-311] analyzing module inst_ram_blk_mem_gen_prim_width__parameterized168
INFO: [VRFC 10-311] analyzing module inst_ram_blk_mem_gen_prim_width__parameterized169
INFO: [VRFC 10-311] analyzing module inst_ram_blk_mem_gen_prim_width__parameterized17
INFO: [VRFC 10-311] analyzing module inst_ram_blk_mem_gen_prim_width__parameterized170
INFO: [VRFC 10-311] analyzing module inst_ram_blk_mem_gen_prim_width__parameterized171
INFO: [VRFC 10-311] analyzing module inst_ram_blk_mem_gen_prim_width__parameterized172
INFO: [VRFC 10-311] analyzing module inst_ram_blk_mem_gen_prim_width__parameterized173
INFO: [VRFC 10-311] analyzing module inst_ram_blk_mem_gen_prim_width__parameterized174
INFO: [VRFC 10-311] analyzing module inst_ram_blk_mem_gen_prim_width__parameterized175
INFO: [VRFC 10-311] analyzing module inst_ram_blk_mem_gen_prim_width__parameterized176
INFO: [VRFC 10-311] analyzing module inst_ram_blk_mem_gen_prim_width__parameterized177
INFO: [VRFC 10-311] analyzing module inst_ram_blk_mem_gen_prim_width__parameterized178
INFO: [VRFC 10-311] analyzing module inst_ram_blk_mem_gen_prim_width__parameterized179
INFO: [VRFC 10-311] analyzing module inst_ram_blk_mem_gen_prim_width__parameterized18
INFO: [VRFC 10-311] analyzing module inst_ram_blk_mem_gen_prim_width__parameterized180
INFO: [VRFC 10-311] analyzing module inst_ram_blk_mem_gen_prim_width__parameterized181
INFO: [VRFC 10-311] analyzing module inst_ram_blk_mem_gen_prim_width__parameterized182
INFO: [VRFC 10-311] analyzing module inst_ram_blk_mem_gen_prim_width__parameterized183
INFO: [VRFC 10-311] analyzing module inst_ram_blk_mem_gen_prim_width__parameterized184
INFO: [VRFC 10-311] analyzing module inst_ram_blk_mem_gen_prim_width__parameterized185
INFO: [VRFC 10-311] analyzing module inst_ram_blk_mem_gen_prim_width__parameterized186
INFO: [VRFC 10-311] analyzing module inst_ram_blk_mem_gen_prim_width__parameterized187
INFO: [VRFC 10-311] analyzing module inst_ram_blk_mem_gen_prim_width__parameterized188
INFO: [VRFC 10-311] analyzing module inst_ram_blk_mem_gen_prim_width__parameterized189
INFO: [VRFC 10-311] analyzing module inst_ram_blk_mem_gen_prim_width__parameterized19
INFO: [VRFC 10-311] analyzing module inst_ram_blk_mem_gen_prim_width__parameterized190
INFO: [VRFC 10-311] analyzing module inst_ram_blk_mem_gen_prim_width__parameterized191
INFO: [VRFC 10-311] analyzing module inst_ram_blk_mem_gen_prim_width__parameterized192
INFO: [VRFC 10-311] analyzing module inst_ram_blk_mem_gen_prim_width__parameterized193
INFO: [VRFC 10-311] analyzing module inst_ram_blk_mem_gen_prim_width__parameterized194
INFO: [VRFC 10-311] analyzing module inst_ram_blk_mem_gen_prim_width__parameterized195
INFO: [VRFC 10-311] analyzing module inst_ram_blk_mem_gen_prim_width__parameterized196
INFO: [VRFC 10-311] analyzing module inst_ram_blk_mem_gen_prim_width__parameterized197
INFO: [VRFC 10-311] analyzing module inst_ram_blk_mem_gen_prim_width__parameterized198
INFO: [VRFC 10-311] analyzing module inst_ram_blk_mem_gen_prim_width__parameterized199
INFO: [VRFC 10-311] analyzing module inst_ram_blk_mem_gen_prim_width__parameterized2
INFO: [VRFC 10-311] analyzing module inst_ram_blk_mem_gen_prim_width__parameterized20
INFO: [VRFC 10-311] analyzing module inst_ram_blk_mem_gen_prim_width__parameterized200
INFO: [VRFC 10-311] analyzing module inst_ram_blk_mem_gen_prim_width__parameterized201
INFO: [VRFC 10-311] analyzing module inst_ram_blk_mem_gen_prim_width__parameterized202
INFO: [VRFC 10-311] analyzing module inst_ram_blk_mem_gen_prim_width__parameterized203
INFO: [VRFC 10-311] analyzing module inst_ram_blk_mem_gen_prim_width__parameterized204
INFO: [VRFC 10-311] analyzing module inst_ram_blk_mem_gen_prim_width__parameterized205
INFO: [VRFC 10-311] analyzing module inst_ram_blk_mem_gen_prim_width__parameterized206
INFO: [VRFC 10-311] analyzing module inst_ram_blk_mem_gen_prim_width__parameterized207
INFO: [VRFC 10-311] analyzing module inst_ram_blk_mem_gen_prim_width__parameterized208
INFO: [VRFC 10-311] analyzing module inst_ram_blk_mem_gen_prim_width__parameterized209
INFO: [VRFC 10-311] analyzing module inst_ram_blk_mem_gen_prim_width__parameterized21
INFO: [VRFC 10-311] analyzing module inst_ram_blk_mem_gen_prim_width__parameterized210
INFO: [VRFC 10-311] analyzing module inst_ram_blk_mem_gen_prim_width__parameterized211
INFO: [VRFC 10-311] analyzing module inst_ram_blk_mem_gen_prim_width__parameterized212
INFO: [VRFC 10-311] analyzing module inst_ram_blk_mem_gen_prim_width__parameterized213
INFO: [VRFC 10-311] analyzing module inst_ram_blk_mem_gen_prim_width__parameterized214
INFO: [VRFC 10-311] analyzing module inst_ram_blk_mem_gen_prim_width__parameterized215
INFO: [VRFC 10-311] analyzing module inst_ram_blk_mem_gen_prim_width__parameterized216
INFO: [VRFC 10-311] analyzing module inst_ram_blk_mem_gen_prim_width__parameterized217
INFO: [VRFC 10-311] analyzing module inst_ram_blk_mem_gen_prim_width__parameterized218
INFO: [VRFC 10-311] analyzing module inst_ram_blk_mem_gen_prim_width__parameterized219
INFO: [VRFC 10-311] analyzing module inst_ram_blk_mem_gen_prim_width__parameterized22
INFO: [VRFC 10-311] analyzing module inst_ram_blk_mem_gen_prim_width__parameterized220
INFO: [VRFC 10-311] analyzing module inst_ram_blk_mem_gen_prim_width__parameterized221
INFO: [VRFC 10-311] analyzing module inst_ram_blk_mem_gen_prim_width__parameterized222
INFO: [VRFC 10-311] analyzing module inst_ram_blk_mem_gen_prim_width__parameterized223
INFO: [VRFC 10-311] analyzing module inst_ram_blk_mem_gen_prim_width__parameterized224
INFO: [VRFC 10-311] analyzing module inst_ram_blk_mem_gen_prim_width__parameterized225
INFO: [VRFC 10-311] analyzing module inst_ram_blk_mem_gen_prim_width__parameterized226
INFO: [VRFC 10-311] analyzing module inst_ram_blk_mem_gen_prim_width__parameterized227
INFO: [VRFC 10-311] analyzing module inst_ram_blk_mem_gen_prim_width__parameterized228
INFO: [VRFC 10-311] analyzing module inst_ram_blk_mem_gen_prim_width__parameterized229
INFO: [VRFC 10-311] analyzing module inst_ram_blk_mem_gen_prim_width__parameterized23
INFO: [VRFC 10-311] analyzing module inst_ram_blk_mem_gen_prim_width__parameterized230
INFO: [VRFC 10-311] analyzing module inst_ram_blk_mem_gen_prim_width__parameterized231
INFO: [VRFC 10-311] analyzing module inst_ram_blk_mem_gen_prim_width__parameterized232
INFO: [VRFC 10-311] analyzing module inst_ram_blk_mem_gen_prim_width__parameterized233
INFO: [VRFC 10-311] analyzing module inst_ram_blk_mem_gen_prim_width__parameterized234
INFO: [VRFC 10-311] analyzing module inst_ram_blk_mem_gen_prim_width__parameterized235
INFO: [VRFC 10-311] analyzing module inst_ram_blk_mem_gen_prim_width__parameterized236
INFO: [VRFC 10-311] analyzing module inst_ram_blk_mem_gen_prim_width__parameterized237
INFO: [VRFC 10-311] analyzing module inst_ram_blk_mem_gen_prim_width__parameterized238
INFO: [VRFC 10-311] analyzing module inst_ram_blk_mem_gen_prim_width__parameterized239
INFO: [VRFC 10-311] analyzing module inst_ram_blk_mem_gen_prim_width__parameterized24
INFO: [VRFC 10-311] analyzing module inst_ram_blk_mem_gen_prim_width__parameterized240
INFO: [VRFC 10-311] analyzing module inst_ram_blk_mem_gen_prim_width__parameterized241
INFO: [VRFC 10-311] analyzing module inst_ram_blk_mem_gen_prim_width__parameterized242
INFO: [VRFC 10-311] analyzing module inst_ram_blk_mem_gen_prim_width__parameterized243
INFO: [VRFC 10-311] analyzing module inst_ram_blk_mem_gen_prim_width__parameterized244
INFO: [VRFC 10-311] analyzing module inst_ram_blk_mem_gen_prim_width__parameterized245
INFO: [VRFC 10-311] analyzing module inst_ram_blk_mem_gen_prim_width__parameterized246
INFO: [VRFC 10-311] analyzing module inst_ram_blk_mem_gen_prim_width__parameterized247
INFO: [VRFC 10-311] analyzing module inst_ram_blk_mem_gen_prim_width__parameterized248
INFO: [VRFC 10-311] analyzing module inst_ram_blk_mem_gen_prim_width__parameterized249
INFO: [VRFC 10-311] analyzing module inst_ram_blk_mem_gen_prim_width__parameterized25
INFO: [VRFC 10-311] analyzing module inst_ram_blk_mem_gen_prim_width__parameterized250
INFO: [VRFC 10-311] analyzing module inst_ram_blk_mem_gen_prim_width__parameterized251
INFO: [VRFC 10-311] analyzing module inst_ram_blk_mem_gen_prim_width__parameterized252
INFO: [VRFC 10-311] analyzing module inst_ram_blk_mem_gen_prim_width__parameterized253
INFO: [VRFC 10-311] analyzing module inst_ram_blk_mem_gen_prim_width__parameterized254
INFO: [VRFC 10-311] analyzing module inst_ram_blk_mem_gen_prim_width__parameterized26
INFO: [VRFC 10-311] analyzing module inst_ram_blk_mem_gen_prim_width__parameterized27
INFO: [VRFC 10-311] analyzing module inst_ram_blk_mem_gen_prim_width__parameterized28
INFO: [VRFC 10-311] analyzing module inst_ram_blk_mem_gen_prim_width__parameterized29
INFO: [VRFC 10-311] analyzing module inst_ram_blk_mem_gen_prim_width__parameterized3
INFO: [VRFC 10-311] analyzing module inst_ram_blk_mem_gen_prim_width__parameterized30
INFO: [VRFC 10-311] analyzing module inst_ram_blk_mem_gen_prim_width__parameterized31
INFO: [VRFC 10-311] analyzing module inst_ram_blk_mem_gen_prim_width__parameterized32
INFO: [VRFC 10-311] analyzing module inst_ram_blk_mem_gen_prim_width__parameterized33
INFO: [VRFC 10-311] analyzing module inst_ram_blk_mem_gen_prim_width__parameterized34
INFO: [VRFC 10-311] analyzing module inst_ram_blk_mem_gen_prim_width__parameterized35
INFO: [VRFC 10-311] analyzing module inst_ram_blk_mem_gen_prim_width__parameterized36
INFO: [VRFC 10-311] analyzing module inst_ram_blk_mem_gen_prim_width__parameterized37
INFO: [VRFC 10-311] analyzing module inst_ram_blk_mem_gen_prim_width__parameterized38
INFO: [VRFC 10-311] analyzing module inst_ram_blk_mem_gen_prim_width__parameterized39
INFO: [VRFC 10-311] analyzing module inst_ram_blk_mem_gen_prim_width__parameterized4
INFO: [VRFC 10-311] analyzing module inst_ram_blk_mem_gen_prim_width__parameterized40
INFO: [VRFC 10-311] analyzing module inst_ram_blk_mem_gen_prim_width__parameterized41
INFO: [VRFC 10-311] analyzing module inst_ram_blk_mem_gen_prim_width__parameterized42
INFO: [VRFC 10-311] analyzing module inst_ram_blk_mem_gen_prim_width__parameterized43
INFO: [VRFC 10-311] analyzing module inst_ram_blk_mem_gen_prim_width__parameterized44
INFO: [VRFC 10-311] analyzing module inst_ram_blk_mem_gen_prim_width__parameterized45
INFO: [VRFC 10-311] analyzing module inst_ram_blk_mem_gen_prim_width__parameterized46
INFO: [VRFC 10-311] analyzing module inst_ram_blk_mem_gen_prim_width__parameterized47
INFO: [VRFC 10-311] analyzing module inst_ram_blk_mem_gen_prim_width__parameterized48
INFO: [VRFC 10-311] analyzing module inst_ram_blk_mem_gen_prim_width__parameterized49
INFO: [VRFC 10-311] analyzing module inst_ram_blk_mem_gen_prim_width__parameterized5
INFO: [VRFC 10-311] analyzing module inst_ram_blk_mem_gen_prim_width__parameterized50
INFO: [VRFC 10-311] analyzing module inst_ram_blk_mem_gen_prim_width__parameterized51
INFO: [VRFC 10-311] analyzing module inst_ram_blk_mem_gen_prim_width__parameterized52
INFO: [VRFC 10-311] analyzing module inst_ram_blk_mem_gen_prim_width__parameterized53
INFO: [VRFC 10-311] analyzing module inst_ram_blk_mem_gen_prim_width__parameterized54
INFO: [VRFC 10-311] analyzing module inst_ram_blk_mem_gen_prim_width__parameterized55
INFO: [VRFC 10-311] analyzing module inst_ram_blk_mem_gen_prim_width__parameterized56
INFO: [VRFC 10-311] analyzing module inst_ram_blk_mem_gen_prim_width__parameterized57
INFO: [VRFC 10-311] analyzing module inst_ram_blk_mem_gen_prim_width__parameterized58
INFO: [VRFC 10-311] analyzing module inst_ram_blk_mem_gen_prim_width__parameterized59
INFO: [VRFC 10-311] analyzing module inst_ram_blk_mem_gen_prim_width__parameterized6
INFO: [VRFC 10-311] analyzing module inst_ram_blk_mem_gen_prim_width__parameterized60
INFO: [VRFC 10-311] analyzing module inst_ram_blk_mem_gen_prim_width__parameterized61
INFO: [VRFC 10-311] analyzing module inst_ram_blk_mem_gen_prim_width__parameterized62
INFO: [VRFC 10-311] analyzing module inst_ram_blk_mem_gen_prim_width__parameterized63
INFO: [VRFC 10-311] analyzing module inst_ram_blk_mem_gen_prim_width__parameterized64
INFO: [VRFC 10-311] analyzing module inst_ram_blk_mem_gen_prim_width__parameterized65
INFO: [VRFC 10-311] analyzing module inst_ram_blk_mem_gen_prim_width__parameterized66
INFO: [VRFC 10-311] analyzing module inst_ram_blk_mem_gen_prim_width__parameterized67
INFO: [VRFC 10-311] analyzing module inst_ram_blk_mem_gen_prim_width__parameterized68
INFO: [VRFC 10-311] analyzing module inst_ram_blk_mem_gen_prim_width__parameterized69
INFO: [VRFC 10-311] analyzing module inst_ram_blk_mem_gen_prim_width__parameterized7
INFO: [VRFC 10-311] analyzing module inst_ram_blk_mem_gen_prim_width__parameterized70
INFO: [VRFC 10-311] analyzing module inst_ram_blk_mem_gen_prim_width__parameterized71
INFO: [VRFC 10-311] analyzing module inst_ram_blk_mem_gen_prim_width__parameterized72
INFO: [VRFC 10-311] analyzing module inst_ram_blk_mem_gen_prim_width__parameterized73
INFO: [VRFC 10-311] analyzing module inst_ram_blk_mem_gen_prim_width__parameterized74
INFO: [VRFC 10-311] analyzing module inst_ram_blk_mem_gen_prim_width__parameterized75
INFO: [VRFC 10-311] analyzing module inst_ram_blk_mem_gen_prim_width__parameterized76
INFO: [VRFC 10-311] analyzing module inst_ram_blk_mem_gen_prim_width__parameterized77
INFO: [VRFC 10-311] analyzing module inst_ram_blk_mem_gen_prim_width__parameterized78
INFO: [VRFC 10-311] analyzing module inst_ram_blk_mem_gen_prim_width__parameterized79
INFO: [VRFC 10-311] analyzing module inst_ram_blk_mem_gen_prim_width__parameterized8
INFO: [VRFC 10-311] analyzing module inst_ram_blk_mem_gen_prim_width__parameterized80
INFO: [VRFC 10-311] analyzing module inst_ram_blk_mem_gen_prim_width__parameterized81
INFO: [VRFC 10-311] analyzing module inst_ram_blk_mem_gen_prim_width__parameterized82
INFO: [VRFC 10-311] analyzing module inst_ram_blk_mem_gen_prim_width__parameterized83
INFO: [VRFC 10-311] analyzing module inst_ram_blk_mem_gen_prim_width__parameterized84
INFO: [VRFC 10-311] analyzing module inst_ram_blk_mem_gen_prim_width__parameterized85
INFO: [VRFC 10-311] analyzing module inst_ram_blk_mem_gen_prim_width__parameterized86
INFO: [VRFC 10-311] analyzing module inst_ram_blk_mem_gen_prim_width__parameterized87
INFO: [VRFC 10-311] analyzing module inst_ram_blk_mem_gen_prim_width__parameterized88
INFO: [VRFC 10-311] analyzing module inst_ram_blk_mem_gen_prim_width__parameterized89
INFO: [VRFC 10-311] analyzing module inst_ram_blk_mem_gen_prim_width__parameterized9
INFO: [VRFC 10-311] analyzing module inst_ram_blk_mem_gen_prim_width__parameterized90
INFO: [VRFC 10-311] analyzing module inst_ram_blk_mem_gen_prim_width__parameterized91
INFO: [VRFC 10-311] analyzing module inst_ram_blk_mem_gen_prim_width__parameterized92
INFO: [VRFC 10-311] analyzing module inst_ram_blk_mem_gen_prim_width__parameterized93
INFO: [VRFC 10-311] analyzing module inst_ram_blk_mem_gen_prim_width__parameterized94
INFO: [VRFC 10-311] analyzing module inst_ram_blk_mem_gen_prim_width__parameterized95
INFO: [VRFC 10-311] analyzing module inst_ram_blk_mem_gen_prim_width__parameterized96
INFO: [VRFC 10-311] analyzing module inst_ram_blk_mem_gen_prim_width__parameterized97
INFO: [VRFC 10-311] analyzing module inst_ram_blk_mem_gen_prim_width__parameterized98
INFO: [VRFC 10-311] analyzing module inst_ram_blk_mem_gen_prim_width__parameterized99
INFO: [VRFC 10-311] analyzing module inst_ram_blk_mem_gen_prim_wrapper_init
INFO: [VRFC 10-311] analyzing module inst_ram_blk_mem_gen_prim_wrapper_init__parameterized0
INFO: [VRFC 10-311] analyzing module inst_ram_blk_mem_gen_prim_wrapper_init__parameterized1
INFO: [VRFC 10-311] analyzing module inst_ram_blk_mem_gen_prim_wrapper_init__parameterized10
INFO: [VRFC 10-311] analyzing module inst_ram_blk_mem_gen_prim_wrapper_init__parameterized100
INFO: [VRFC 10-311] analyzing module inst_ram_blk_mem_gen_prim_wrapper_init__parameterized101
INFO: [VRFC 10-311] analyzing module inst_ram_blk_mem_gen_prim_wrapper_init__parameterized102
INFO: [VRFC 10-311] analyzing module inst_ram_blk_mem_gen_prim_wrapper_init__parameterized103
INFO: [VRFC 10-311] analyzing module inst_ram_blk_mem_gen_prim_wrapper_init__parameterized104
INFO: [VRFC 10-311] analyzing module inst_ram_blk_mem_gen_prim_wrapper_init__parameterized105
INFO: [VRFC 10-311] analyzing module inst_ram_blk_mem_gen_prim_wrapper_init__parameterized106
INFO: [VRFC 10-311] analyzing module inst_ram_blk_mem_gen_prim_wrapper_init__parameterized107
INFO: [VRFC 10-311] analyzing module inst_ram_blk_mem_gen_prim_wrapper_init__parameterized108
INFO: [VRFC 10-311] analyzing module inst_ram_blk_mem_gen_prim_wrapper_init__parameterized109
INFO: [VRFC 10-311] analyzing module inst_ram_blk_mem_gen_prim_wrapper_init__parameterized11
INFO: [VRFC 10-311] analyzing module inst_ram_blk_mem_gen_prim_wrapper_init__parameterized110
INFO: [VRFC 10-311] analyzing module inst_ram_blk_mem_gen_prim_wrapper_init__parameterized111
INFO: [VRFC 10-311] analyzing module inst_ram_blk_mem_gen_prim_wrapper_init__parameterized112
INFO: [VRFC 10-311] analyzing module inst_ram_blk_mem_gen_prim_wrapper_init__parameterized113
INFO: [VRFC 10-311] analyzing module inst_ram_blk_mem_gen_prim_wrapper_init__parameterized114
INFO: [VRFC 10-311] analyzing module inst_ram_blk_mem_gen_prim_wrapper_init__parameterized115
INFO: [VRFC 10-311] analyzing module inst_ram_blk_mem_gen_prim_wrapper_init__parameterized116
INFO: [VRFC 10-311] analyzing module inst_ram_blk_mem_gen_prim_wrapper_init__parameterized117
INFO: [VRFC 10-311] analyzing module inst_ram_blk_mem_gen_prim_wrapper_init__parameterized118
INFO: [VRFC 10-311] analyzing module inst_ram_blk_mem_gen_prim_wrapper_init__parameterized119
INFO: [VRFC 10-311] analyzing module inst_ram_blk_mem_gen_prim_wrapper_init__parameterized12
INFO: [VRFC 10-311] analyzing module inst_ram_blk_mem_gen_prim_wrapper_init__parameterized120
INFO: [VRFC 10-311] analyzing module inst_ram_blk_mem_gen_prim_wrapper_init__parameterized121
INFO: [VRFC 10-311] analyzing module inst_ram_blk_mem_gen_prim_wrapper_init__parameterized122
INFO: [VRFC 10-311] analyzing module inst_ram_blk_mem_gen_prim_wrapper_init__parameterized123
INFO: [VRFC 10-311] analyzing module inst_ram_blk_mem_gen_prim_wrapper_init__parameterized124
INFO: [VRFC 10-311] analyzing module inst_ram_blk_mem_gen_prim_wrapper_init__parameterized125
INFO: [VRFC 10-311] analyzing module inst_ram_blk_mem_gen_prim_wrapper_init__parameterized126
INFO: [VRFC 10-311] analyzing module inst_ram_blk_mem_gen_prim_wrapper_init__parameterized127
INFO: [VRFC 10-311] analyzing module inst_ram_blk_mem_gen_prim_wrapper_init__parameterized128
INFO: [VRFC 10-311] analyzing module inst_ram_blk_mem_gen_prim_wrapper_init__parameterized129
INFO: [VRFC 10-311] analyzing module inst_ram_blk_mem_gen_prim_wrapper_init__parameterized13
INFO: [VRFC 10-311] analyzing module inst_ram_blk_mem_gen_prim_wrapper_init__parameterized130
INFO: [VRFC 10-311] analyzing module inst_ram_blk_mem_gen_prim_wrapper_init__parameterized131
INFO: [VRFC 10-311] analyzing module inst_ram_blk_mem_gen_prim_wrapper_init__parameterized132
INFO: [VRFC 10-311] analyzing module inst_ram_blk_mem_gen_prim_wrapper_init__parameterized133
INFO: [VRFC 10-311] analyzing module inst_ram_blk_mem_gen_prim_wrapper_init__parameterized134
INFO: [VRFC 10-311] analyzing module inst_ram_blk_mem_gen_prim_wrapper_init__parameterized135
INFO: [VRFC 10-311] analyzing module inst_ram_blk_mem_gen_prim_wrapper_init__parameterized136
INFO: [VRFC 10-311] analyzing module inst_ram_blk_mem_gen_prim_wrapper_init__parameterized137
INFO: [VRFC 10-311] analyzing module inst_ram_blk_mem_gen_prim_wrapper_init__parameterized138
INFO: [VRFC 10-311] analyzing module inst_ram_blk_mem_gen_prim_wrapper_init__parameterized139
INFO: [VRFC 10-311] analyzing module inst_ram_blk_mem_gen_prim_wrapper_init__parameterized14
INFO: [VRFC 10-311] analyzing module inst_ram_blk_mem_gen_prim_wrapper_init__parameterized140
INFO: [VRFC 10-311] analyzing module inst_ram_blk_mem_gen_prim_wrapper_init__parameterized141
INFO: [VRFC 10-311] analyzing module inst_ram_blk_mem_gen_prim_wrapper_init__parameterized142
INFO: [VRFC 10-311] analyzing module inst_ram_blk_mem_gen_prim_wrapper_init__parameterized143
INFO: [VRFC 10-311] analyzing module inst_ram_blk_mem_gen_prim_wrapper_init__parameterized144
INFO: [VRFC 10-311] analyzing module inst_ram_blk_mem_gen_prim_wrapper_init__parameterized145
INFO: [VRFC 10-311] analyzing module inst_ram_blk_mem_gen_prim_wrapper_init__parameterized146
INFO: [VRFC 10-311] analyzing module inst_ram_blk_mem_gen_prim_wrapper_init__parameterized147
INFO: [VRFC 10-311] analyzing module inst_ram_blk_mem_gen_prim_wrapper_init__parameterized148
INFO: [VRFC 10-311] analyzing module inst_ram_blk_mem_gen_prim_wrapper_init__parameterized149
INFO: [VRFC 10-311] analyzing module inst_ram_blk_mem_gen_prim_wrapper_init__parameterized15
INFO: [VRFC 10-311] analyzing module inst_ram_blk_mem_gen_prim_wrapper_init__parameterized150
INFO: [VRFC 10-311] analyzing module inst_ram_blk_mem_gen_prim_wrapper_init__parameterized151
INFO: [VRFC 10-311] analyzing module inst_ram_blk_mem_gen_prim_wrapper_init__parameterized152
INFO: [VRFC 10-311] analyzing module inst_ram_blk_mem_gen_prim_wrapper_init__parameterized153
INFO: [VRFC 10-311] analyzing module inst_ram_blk_mem_gen_prim_wrapper_init__parameterized154
INFO: [VRFC 10-311] analyzing module inst_ram_blk_mem_gen_prim_wrapper_init__parameterized155
INFO: [VRFC 10-311] analyzing module inst_ram_blk_mem_gen_prim_wrapper_init__parameterized156
INFO: [VRFC 10-311] analyzing module inst_ram_blk_mem_gen_prim_wrapper_init__parameterized157
INFO: [VRFC 10-311] analyzing module inst_ram_blk_mem_gen_prim_wrapper_init__parameterized158
INFO: [VRFC 10-311] analyzing module inst_ram_blk_mem_gen_prim_wrapper_init__parameterized159
INFO: [VRFC 10-311] analyzing module inst_ram_blk_mem_gen_prim_wrapper_init__parameterized16
INFO: [VRFC 10-311] analyzing module inst_ram_blk_mem_gen_prim_wrapper_init__parameterized160
INFO: [VRFC 10-311] analyzing module inst_ram_blk_mem_gen_prim_wrapper_init__parameterized161
INFO: [VRFC 10-311] analyzing module inst_ram_blk_mem_gen_prim_wrapper_init__parameterized162
INFO: [VRFC 10-311] analyzing module inst_ram_blk_mem_gen_prim_wrapper_init__parameterized163
INFO: [VRFC 10-311] analyzing module inst_ram_blk_mem_gen_prim_wrapper_init__parameterized164
INFO: [VRFC 10-311] analyzing module inst_ram_blk_mem_gen_prim_wrapper_init__parameterized165
INFO: [VRFC 10-311] analyzing module inst_ram_blk_mem_gen_prim_wrapper_init__parameterized166
INFO: [VRFC 10-311] analyzing module inst_ram_blk_mem_gen_prim_wrapper_init__parameterized167
INFO: [VRFC 10-311] analyzing module inst_ram_blk_mem_gen_prim_wrapper_init__parameterized168
INFO: [VRFC 10-311] analyzing module inst_ram_blk_mem_gen_prim_wrapper_init__parameterized169
INFO: [VRFC 10-311] analyzing module inst_ram_blk_mem_gen_prim_wrapper_init__parameterized17
INFO: [VRFC 10-311] analyzing module inst_ram_blk_mem_gen_prim_wrapper_init__parameterized170
INFO: [VRFC 10-311] analyzing module inst_ram_blk_mem_gen_prim_wrapper_init__parameterized171
INFO: [VRFC 10-311] analyzing module inst_ram_blk_mem_gen_prim_wrapper_init__parameterized172
INFO: [VRFC 10-311] analyzing module inst_ram_blk_mem_gen_prim_wrapper_init__parameterized173
INFO: [VRFC 10-311] analyzing module inst_ram_blk_mem_gen_prim_wrapper_init__parameterized174
INFO: [VRFC 10-311] analyzing module inst_ram_blk_mem_gen_prim_wrapper_init__parameterized175
INFO: [VRFC 10-311] analyzing module inst_ram_blk_mem_gen_prim_wrapper_init__parameterized176
INFO: [VRFC 10-311] analyzing module inst_ram_blk_mem_gen_prim_wrapper_init__parameterized177
INFO: [VRFC 10-311] analyzing module inst_ram_blk_mem_gen_prim_wrapper_init__parameterized178
INFO: [VRFC 10-311] analyzing module inst_ram_blk_mem_gen_prim_wrapper_init__parameterized179
INFO: [VRFC 10-311] analyzing module inst_ram_blk_mem_gen_prim_wrapper_init__parameterized18
INFO: [VRFC 10-311] analyzing module inst_ram_blk_mem_gen_prim_wrapper_init__parameterized180
INFO: [VRFC 10-311] analyzing module inst_ram_blk_mem_gen_prim_wrapper_init__parameterized181
INFO: [VRFC 10-311] analyzing module inst_ram_blk_mem_gen_prim_wrapper_init__parameterized182
INFO: [VRFC 10-311] analyzing module inst_ram_blk_mem_gen_prim_wrapper_init__parameterized183
INFO: [VRFC 10-311] analyzing module inst_ram_blk_mem_gen_prim_wrapper_init__parameterized184
INFO: [VRFC 10-311] analyzing module inst_ram_blk_mem_gen_prim_wrapper_init__parameterized185
INFO: [VRFC 10-311] analyzing module inst_ram_blk_mem_gen_prim_wrapper_init__parameterized186
INFO: [VRFC 10-311] analyzing module inst_ram_blk_mem_gen_prim_wrapper_init__parameterized187
INFO: [VRFC 10-311] analyzing module inst_ram_blk_mem_gen_prim_wrapper_init__parameterized188
INFO: [VRFC 10-311] analyzing module inst_ram_blk_mem_gen_prim_wrapper_init__parameterized189
INFO: [VRFC 10-311] analyzing module inst_ram_blk_mem_gen_prim_wrapper_init__parameterized19
INFO: [VRFC 10-311] analyzing module inst_ram_blk_mem_gen_prim_wrapper_init__parameterized190
INFO: [VRFC 10-311] analyzing module inst_ram_blk_mem_gen_prim_wrapper_init__parameterized191
INFO: [VRFC 10-311] analyzing module inst_ram_blk_mem_gen_prim_wrapper_init__parameterized192
INFO: [VRFC 10-311] analyzing module inst_ram_blk_mem_gen_prim_wrapper_init__parameterized193
INFO: [VRFC 10-311] analyzing module inst_ram_blk_mem_gen_prim_wrapper_init__parameterized194
INFO: [VRFC 10-311] analyzing module inst_ram_blk_mem_gen_prim_wrapper_init__parameterized195
INFO: [VRFC 10-311] analyzing module inst_ram_blk_mem_gen_prim_wrapper_init__parameterized196
INFO: [VRFC 10-311] analyzing module inst_ram_blk_mem_gen_prim_wrapper_init__parameterized197
INFO: [VRFC 10-311] analyzing module inst_ram_blk_mem_gen_prim_wrapper_init__parameterized198
INFO: [VRFC 10-311] analyzing module inst_ram_blk_mem_gen_prim_wrapper_init__parameterized199
INFO: [VRFC 10-311] analyzing module inst_ram_blk_mem_gen_prim_wrapper_init__parameterized2
INFO: [VRFC 10-311] analyzing module inst_ram_blk_mem_gen_prim_wrapper_init__parameterized20
INFO: [VRFC 10-311] analyzing module inst_ram_blk_mem_gen_prim_wrapper_init__parameterized200
INFO: [VRFC 10-311] analyzing module inst_ram_blk_mem_gen_prim_wrapper_init__parameterized201
INFO: [VRFC 10-311] analyzing module inst_ram_blk_mem_gen_prim_wrapper_init__parameterized202
INFO: [VRFC 10-311] analyzing module inst_ram_blk_mem_gen_prim_wrapper_init__parameterized203
INFO: [VRFC 10-311] analyzing module inst_ram_blk_mem_gen_prim_wrapper_init__parameterized204
INFO: [VRFC 10-311] analyzing module inst_ram_blk_mem_gen_prim_wrapper_init__parameterized205
INFO: [VRFC 10-311] analyzing module inst_ram_blk_mem_gen_prim_wrapper_init__parameterized206
INFO: [VRFC 10-311] analyzing module inst_ram_blk_mem_gen_prim_wrapper_init__parameterized207
INFO: [VRFC 10-311] analyzing module inst_ram_blk_mem_gen_prim_wrapper_init__parameterized208
INFO: [VRFC 10-311] analyzing module inst_ram_blk_mem_gen_prim_wrapper_init__parameterized209
INFO: [VRFC 10-311] analyzing module inst_ram_blk_mem_gen_prim_wrapper_init__parameterized21
INFO: [VRFC 10-311] analyzing module inst_ram_blk_mem_gen_prim_wrapper_init__parameterized210
INFO: [VRFC 10-311] analyzing module inst_ram_blk_mem_gen_prim_wrapper_init__parameterized211
INFO: [VRFC 10-311] analyzing module inst_ram_blk_mem_gen_prim_wrapper_init__parameterized212
INFO: [VRFC 10-311] analyzing module inst_ram_blk_mem_gen_prim_wrapper_init__parameterized213
INFO: [VRFC 10-311] analyzing module inst_ram_blk_mem_gen_prim_wrapper_init__parameterized214
INFO: [VRFC 10-311] analyzing module inst_ram_blk_mem_gen_prim_wrapper_init__parameterized215
INFO: [VRFC 10-311] analyzing module inst_ram_blk_mem_gen_prim_wrapper_init__parameterized216
INFO: [VRFC 10-311] analyzing module inst_ram_blk_mem_gen_prim_wrapper_init__parameterized217
INFO: [VRFC 10-311] analyzing module inst_ram_blk_mem_gen_prim_wrapper_init__parameterized218
INFO: [VRFC 10-311] analyzing module inst_ram_blk_mem_gen_prim_wrapper_init__parameterized219
INFO: [VRFC 10-311] analyzing module inst_ram_blk_mem_gen_prim_wrapper_init__parameterized22
INFO: [VRFC 10-311] analyzing module inst_ram_blk_mem_gen_prim_wrapper_init__parameterized220
INFO: [VRFC 10-311] analyzing module inst_ram_blk_mem_gen_prim_wrapper_init__parameterized221
INFO: [VRFC 10-311] analyzing module inst_ram_blk_mem_gen_prim_wrapper_init__parameterized222
INFO: [VRFC 10-311] analyzing module inst_ram_blk_mem_gen_prim_wrapper_init__parameterized223
INFO: [VRFC 10-311] analyzing module inst_ram_blk_mem_gen_prim_wrapper_init__parameterized224
INFO: [VRFC 10-311] analyzing module inst_ram_blk_mem_gen_prim_wrapper_init__parameterized225
INFO: [VRFC 10-311] analyzing module inst_ram_blk_mem_gen_prim_wrapper_init__parameterized226
INFO: [VRFC 10-311] analyzing module inst_ram_blk_mem_gen_prim_wrapper_init__parameterized227
INFO: [VRFC 10-311] analyzing module inst_ram_blk_mem_gen_prim_wrapper_init__parameterized228
INFO: [VRFC 10-311] analyzing module inst_ram_blk_mem_gen_prim_wrapper_init__parameterized229
INFO: [VRFC 10-311] analyzing module inst_ram_blk_mem_gen_prim_wrapper_init__parameterized23
INFO: [VRFC 10-311] analyzing module inst_ram_blk_mem_gen_prim_wrapper_init__parameterized230
INFO: [VRFC 10-311] analyzing module inst_ram_blk_mem_gen_prim_wrapper_init__parameterized231
INFO: [VRFC 10-311] analyzing module inst_ram_blk_mem_gen_prim_wrapper_init__parameterized232
INFO: [VRFC 10-311] analyzing module inst_ram_blk_mem_gen_prim_wrapper_init__parameterized233
INFO: [VRFC 10-311] analyzing module inst_ram_blk_mem_gen_prim_wrapper_init__parameterized234
INFO: [VRFC 10-311] analyzing module inst_ram_blk_mem_gen_prim_wrapper_init__parameterized235
INFO: [VRFC 10-311] analyzing module inst_ram_blk_mem_gen_prim_wrapper_init__parameterized236
INFO: [VRFC 10-311] analyzing module inst_ram_blk_mem_gen_prim_wrapper_init__parameterized237
INFO: [VRFC 10-311] analyzing module inst_ram_blk_mem_gen_prim_wrapper_init__parameterized238
INFO: [VRFC 10-311] analyzing module inst_ram_blk_mem_gen_prim_wrapper_init__parameterized239
INFO: [VRFC 10-311] analyzing module inst_ram_blk_mem_gen_prim_wrapper_init__parameterized24
INFO: [VRFC 10-311] analyzing module inst_ram_blk_mem_gen_prim_wrapper_init__parameterized240
INFO: [VRFC 10-311] analyzing module inst_ram_blk_mem_gen_prim_wrapper_init__parameterized241
INFO: [VRFC 10-311] analyzing module inst_ram_blk_mem_gen_prim_wrapper_init__parameterized242
INFO: [VRFC 10-311] analyzing module inst_ram_blk_mem_gen_prim_wrapper_init__parameterized243
INFO: [VRFC 10-311] analyzing module inst_ram_blk_mem_gen_prim_wrapper_init__parameterized244
INFO: [VRFC 10-311] analyzing module inst_ram_blk_mem_gen_prim_wrapper_init__parameterized245
INFO: [VRFC 10-311] analyzing module inst_ram_blk_mem_gen_prim_wrapper_init__parameterized246
INFO: [VRFC 10-311] analyzing module inst_ram_blk_mem_gen_prim_wrapper_init__parameterized247
INFO: [VRFC 10-311] analyzing module inst_ram_blk_mem_gen_prim_wrapper_init__parameterized248
INFO: [VRFC 10-311] analyzing module inst_ram_blk_mem_gen_prim_wrapper_init__parameterized249
INFO: [VRFC 10-311] analyzing module inst_ram_blk_mem_gen_prim_wrapper_init__parameterized25
INFO: [VRFC 10-311] analyzing module inst_ram_blk_mem_gen_prim_wrapper_init__parameterized250
INFO: [VRFC 10-311] analyzing module inst_ram_blk_mem_gen_prim_wrapper_init__parameterized251
INFO: [VRFC 10-311] analyzing module inst_ram_blk_mem_gen_prim_wrapper_init__parameterized252
INFO: [VRFC 10-311] analyzing module inst_ram_blk_mem_gen_prim_wrapper_init__parameterized253
INFO: [VRFC 10-311] analyzing module inst_ram_blk_mem_gen_prim_wrapper_init__parameterized254
INFO: [VRFC 10-311] analyzing module inst_ram_blk_mem_gen_prim_wrapper_init__parameterized26
INFO: [VRFC 10-311] analyzing module inst_ram_blk_mem_gen_prim_wrapper_init__parameterized27
INFO: [VRFC 10-311] analyzing module inst_ram_blk_mem_gen_prim_wrapper_init__parameterized28
INFO: [VRFC 10-311] analyzing module inst_ram_blk_mem_gen_prim_wrapper_init__parameterized29
INFO: [VRFC 10-311] analyzing module inst_ram_blk_mem_gen_prim_wrapper_init__parameterized3
INFO: [VRFC 10-311] analyzing module inst_ram_blk_mem_gen_prim_wrapper_init__parameterized30
INFO: [VRFC 10-311] analyzing module inst_ram_blk_mem_gen_prim_wrapper_init__parameterized31
INFO: [VRFC 10-311] analyzing module inst_ram_blk_mem_gen_prim_wrapper_init__parameterized32
INFO: [VRFC 10-311] analyzing module inst_ram_blk_mem_gen_prim_wrapper_init__parameterized33
INFO: [VRFC 10-311] analyzing module inst_ram_blk_mem_gen_prim_wrapper_init__parameterized34
INFO: [VRFC 10-311] analyzing module inst_ram_blk_mem_gen_prim_wrapper_init__parameterized35
INFO: [VRFC 10-311] analyzing module inst_ram_blk_mem_gen_prim_wrapper_init__parameterized36
INFO: [VRFC 10-311] analyzing module inst_ram_blk_mem_gen_prim_wrapper_init__parameterized37
INFO: [VRFC 10-311] analyzing module inst_ram_blk_mem_gen_prim_wrapper_init__parameterized38
INFO: [VRFC 10-311] analyzing module inst_ram_blk_mem_gen_prim_wrapper_init__parameterized39
INFO: [VRFC 10-311] analyzing module inst_ram_blk_mem_gen_prim_wrapper_init__parameterized4
INFO: [VRFC 10-311] analyzing module inst_ram_blk_mem_gen_prim_wrapper_init__parameterized40
INFO: [VRFC 10-311] analyzing module inst_ram_blk_mem_gen_prim_wrapper_init__parameterized41
INFO: [VRFC 10-311] analyzing module inst_ram_blk_mem_gen_prim_wrapper_init__parameterized42
INFO: [VRFC 10-311] analyzing module inst_ram_blk_mem_gen_prim_wrapper_init__parameterized43
INFO: [VRFC 10-311] analyzing module inst_ram_blk_mem_gen_prim_wrapper_init__parameterized44
INFO: [VRFC 10-311] analyzing module inst_ram_blk_mem_gen_prim_wrapper_init__parameterized45
INFO: [VRFC 10-311] analyzing module inst_ram_blk_mem_gen_prim_wrapper_init__parameterized46
INFO: [VRFC 10-311] analyzing module inst_ram_blk_mem_gen_prim_wrapper_init__parameterized47
INFO: [VRFC 10-311] analyzing module inst_ram_blk_mem_gen_prim_wrapper_init__parameterized48
INFO: [VRFC 10-311] analyzing module inst_ram_blk_mem_gen_prim_wrapper_init__parameterized49
INFO: [VRFC 10-311] analyzing module inst_ram_blk_mem_gen_prim_wrapper_init__parameterized5
INFO: [VRFC 10-311] analyzing module inst_ram_blk_mem_gen_prim_wrapper_init__parameterized50
INFO: [VRFC 10-311] analyzing module inst_ram_blk_mem_gen_prim_wrapper_init__parameterized51
INFO: [VRFC 10-311] analyzing module inst_ram_blk_mem_gen_prim_wrapper_init__parameterized52
INFO: [VRFC 10-311] analyzing module inst_ram_blk_mem_gen_prim_wrapper_init__parameterized53
INFO: [VRFC 10-311] analyzing module inst_ram_blk_mem_gen_prim_wrapper_init__parameterized54
INFO: [VRFC 10-311] analyzing module inst_ram_blk_mem_gen_prim_wrapper_init__parameterized55
INFO: [VRFC 10-311] analyzing module inst_ram_blk_mem_gen_prim_wrapper_init__parameterized56
INFO: [VRFC 10-311] analyzing module inst_ram_blk_mem_gen_prim_wrapper_init__parameterized57
INFO: [VRFC 10-311] analyzing module inst_ram_blk_mem_gen_prim_wrapper_init__parameterized58
INFO: [VRFC 10-311] analyzing module inst_ram_blk_mem_gen_prim_wrapper_init__parameterized59
INFO: [VRFC 10-311] analyzing module inst_ram_blk_mem_gen_prim_wrapper_init__parameterized6
INFO: [VRFC 10-311] analyzing module inst_ram_blk_mem_gen_prim_wrapper_init__parameterized60
INFO: [VRFC 10-311] analyzing module inst_ram_blk_mem_gen_prim_wrapper_init__parameterized61
INFO: [VRFC 10-311] analyzing module inst_ram_blk_mem_gen_prim_wrapper_init__parameterized62
INFO: [VRFC 10-311] analyzing module inst_ram_blk_mem_gen_prim_wrapper_init__parameterized63
INFO: [VRFC 10-311] analyzing module inst_ram_blk_mem_gen_prim_wrapper_init__parameterized64
INFO: [VRFC 10-311] analyzing module inst_ram_blk_mem_gen_prim_wrapper_init__parameterized65
INFO: [VRFC 10-311] analyzing module inst_ram_blk_mem_gen_prim_wrapper_init__parameterized66
INFO: [VRFC 10-311] analyzing module inst_ram_blk_mem_gen_prim_wrapper_init__parameterized67
INFO: [VRFC 10-311] analyzing module inst_ram_blk_mem_gen_prim_wrapper_init__parameterized68
INFO: [VRFC 10-311] analyzing module inst_ram_blk_mem_gen_prim_wrapper_init__parameterized69
INFO: [VRFC 10-311] analyzing module inst_ram_blk_mem_gen_prim_wrapper_init__parameterized7
INFO: [VRFC 10-311] analyzing module inst_ram_blk_mem_gen_prim_wrapper_init__parameterized70
INFO: [VRFC 10-311] analyzing module inst_ram_blk_mem_gen_prim_wrapper_init__parameterized71
INFO: [VRFC 10-311] analyzing module inst_ram_blk_mem_gen_prim_wrapper_init__parameterized72
INFO: [VRFC 10-311] analyzing module inst_ram_blk_mem_gen_prim_wrapper_init__parameterized73
INFO: [VRFC 10-311] analyzing module inst_ram_blk_mem_gen_prim_wrapper_init__parameterized74
INFO: [VRFC 10-311] analyzing module inst_ram_blk_mem_gen_prim_wrapper_init__parameterized75
INFO: [VRFC 10-311] analyzing module inst_ram_blk_mem_gen_prim_wrapper_init__parameterized76
INFO: [VRFC 10-311] analyzing module inst_ram_blk_mem_gen_prim_wrapper_init__parameterized77
INFO: [VRFC 10-311] analyzing module inst_ram_blk_mem_gen_prim_wrapper_init__parameterized78
INFO: [VRFC 10-311] analyzing module inst_ram_blk_mem_gen_prim_wrapper_init__parameterized79
INFO: [VRFC 10-311] analyzing module inst_ram_blk_mem_gen_prim_wrapper_init__parameterized8
INFO: [VRFC 10-311] analyzing module inst_ram_blk_mem_gen_prim_wrapper_init__parameterized80
INFO: [VRFC 10-311] analyzing module inst_ram_blk_mem_gen_prim_wrapper_init__parameterized81
INFO: [VRFC 10-311] analyzing module inst_ram_blk_mem_gen_prim_wrapper_init__parameterized82
INFO: [VRFC 10-311] analyzing module inst_ram_blk_mem_gen_prim_wrapper_init__parameterized83
INFO: [VRFC 10-311] analyzing module inst_ram_blk_mem_gen_prim_wrapper_init__parameterized84
INFO: [VRFC 10-311] analyzing module inst_ram_blk_mem_gen_prim_wrapper_init__parameterized85
INFO: [VRFC 10-311] analyzing module inst_ram_blk_mem_gen_prim_wrapper_init__parameterized86
INFO: [VRFC 10-311] analyzing module inst_ram_blk_mem_gen_prim_wrapper_init__parameterized87
INFO: [VRFC 10-311] analyzing module inst_ram_blk_mem_gen_prim_wrapper_init__parameterized88
INFO: [VRFC 10-311] analyzing module inst_ram_blk_mem_gen_prim_wrapper_init__parameterized89
INFO: [VRFC 10-311] analyzing module inst_ram_blk_mem_gen_prim_wrapper_init__parameterized9
INFO: [VRFC 10-311] analyzing module inst_ram_blk_mem_gen_prim_wrapper_init__parameterized90
INFO: [VRFC 10-311] analyzing module inst_ram_blk_mem_gen_prim_wrapper_init__parameterized91
INFO: [VRFC 10-311] analyzing module inst_ram_blk_mem_gen_prim_wrapper_init__parameterized92
INFO: [VRFC 10-311] analyzing module inst_ram_blk_mem_gen_prim_wrapper_init__parameterized93
INFO: [VRFC 10-311] analyzing module inst_ram_blk_mem_gen_prim_wrapper_init__parameterized94
INFO: [VRFC 10-311] analyzing module inst_ram_blk_mem_gen_prim_wrapper_init__parameterized95
INFO: [VRFC 10-311] analyzing module inst_ram_blk_mem_gen_prim_wrapper_init__parameterized96
INFO: [VRFC 10-311] analyzing module inst_ram_blk_mem_gen_prim_wrapper_init__parameterized97
INFO: [VRFC 10-311] analyzing module inst_ram_blk_mem_gen_prim_wrapper_init__parameterized98
INFO: [VRFC 10-311] analyzing module inst_ram_blk_mem_gen_prim_wrapper_init__parameterized99
INFO: [VRFC 10-311] analyzing module inst_ram_blk_mem_gen_top
INFO: [VRFC 10-311] analyzing module inst_ram_blk_mem_gen_v8_4_2
INFO: [VRFC 10-311] analyzing module inst_ram_blk_mem_gen_v8_4_2_synth
INFO: [VRFC 10-311] analyzing module glbl
INFO: [VRFC 10-2263] Analyzing Verilog file "/home/hejunwen/mycpu/soc_sram_func/rtl/myCPU/ALUOUt_Div_Choose.v" into library xil_defaultlib
INFO: [VRFC 10-311] analyzing module defines
INFO: [VRFC 10-311] analyzing module ALUOut_Div_Choose
INFO: [VRFC 10-2263] Analyzing Verilog file "/home/hejunwen/mycpu/soc_sram_func/rtl/myCPU/M_E_databack.v" into library xil_defaultlib
INFO: [VRFC 10-311] analyzing module defines
WARNING: [VRFC 10-3609] overwriting previous definition of module 'defines' [../../../../../../rtl/myCPU/defines.vh:2]
INFO: [VRFC 10-311] analyzing module M_E_databack
INFO: [VRFC 10-2263] Analyzing Verilog file "/home/hejunwen/mycpu/soc_sram_func/rtl/myCPU/PC_ALU.v" into library xil_defaultlib
INFO: [VRFC 10-311] analyzing module defines
INFO: [VRFC 10-311] analyzing module PC_ALU
INFO: [VRFC 10-2263] Analyzing Verilog file "/home/hejunwen/mycpu/soc_sram_func/rtl/myCPU/SrcAE_SrcBE_ALU.v" into library xil_defaultlib
INFO: [VRFC 10-311] analyzing module SrcAE_SrcBE_ALU
INFO: [VRFC 10-2263] Analyzing Verilog file "/home/hejunwen/mycpu/soc_sram_func/rtl/myCPU/accessMem_writeback.v" into library xil_defaultlib
INFO: [VRFC 10-311] analyzing module defines
INFO: [VRFC 10-311] analyzing module accessMem_writeback
INFO: [VRFC 10-2263] Analyzing Verilog file "/home/hejunwen/mycpu/soc_sram_func/rtl/myCPU/access_mem.v" into library xil_defaultlib
INFO: [VRFC 10-311] analyzing module defines
INFO: [VRFC 10-311] analyzing module access_mem
INFO: [VRFC 10-2263] Analyzing Verilog file "/home/hejunwen/mycpu/soc_sram_func/rtl/BRIDGE/bridge_1x2.v" into library xil_defaultlib
INFO: [VRFC 10-311] analyzing module bridge_1x2
INFO: [VRFC 10-2263] Analyzing Verilog file "/home/hejunwen/mycpu/soc_sram_func/rtl/CONFREG/confreg.v" into library xil_defaultlib
INFO: [VRFC 10-311] analyzing module confreg
INFO: [VRFC 10-2458] undeclared symbol conf_we, assumed default net type wire [/home/hejunwen/mycpu/soc_sram_func/rtl/CONFREG/confreg.v:160]
INFO: [VRFC 10-2263] Analyzing Verilog file "/home/hejunwen/mycpu/soc_sram_func/rtl/myCPU/control_unit.v" into library xil_defaultlib
INFO: [VRFC 10-311] analyzing module defines
INFO: [VRFC 10-311] analyzing module control_unit
INFO: [VRFC 10-2263] Analyzing Verilog file "/home/hejunwen/mycpu/soc_sram_func/rtl/myCPU/decode.v" into library xil_defaultlib
INFO: [VRFC 10-311] analyzing module defines
INFO: [VRFC 10-311] analyzing module decode
INFO: [VRFC 10-2263] Analyzing Verilog file "/home/hejunwen/mycpu/soc_sram_func/rtl/myCPU/decode_exe.v" into library xil_defaultlib
INFO: [VRFC 10-311] analyzing module defines
INFO: [VRFC 10-311] analyzing module decode_exe
INFO: [VRFC 10-2263] Analyzing Verilog file "/home/hejunwen/mycpu/soc_sram_func/rtl/myCPU/div.v" into library xil_defaultlib
INFO: [VRFC 10-311] analyzing module div
INFO: [VRFC 10-2263] Analyzing Verilog file "/home/hejunwen/mycpu/soc_sram_func/rtl/myCPU/exe_accessMem.v" into library xil_defaultlib
INFO: [VRFC 10-311] analyzing module defines
INFO: [VRFC 10-311] analyzing module exe_accessMem
INFO: [VRFC 10-2263] Analyzing Verilog file "/home/hejunwen/mycpu/soc_sram_func/rtl/myCPU/getEqualD.v" into library xil_defaultlib
INFO: [VRFC 10-311] analyzing module defines
INFO: [VRFC 10-311] analyzing module getEqualD
INFO: [VRFC 10-2263] Analyzing Verilog file "/home/hejunwen/mycpu/soc_sram_func/rtl/myCPU/getRdD.v" into library xil_defaultlib
INFO: [VRFC 10-311] analyzing module defines
INFO: [VRFC 10-311] analyzing module getRdD
INFO: [VRFC 10-2263] Analyzing Verilog file "/home/hejunwen/mycpu/soc_sram_func/rtl/myCPU/get_J_PCBranchD.v" into library xil_defaultlib
INFO: [VRFC 10-311] analyzing module defines
INFO: [VRFC 10-311] analyzing module get_J_PCBranchD
INFO: [VRFC 10-2263] Analyzing Verilog file "/home/hejunwen/mycpu/soc_sram_func/rtl/myCPU/get_PCBranchD.v" into library xil_defaultlib
INFO: [VRFC 10-311] analyzing module defines
INFO: [VRFC 10-311] analyzing module get_PCBranchD
INFO: [VRFC 10-2263] Analyzing Verilog file "/home/hejunwen/mycpu/soc_sram_func/rtl/myCPU/get_PCBranchD_final.v" into library xil_defaultlib
INFO: [VRFC 10-311] analyzing module defines
INFO: [VRFC 10-311] analyzing module get_PCBranchD_final
INFO: [VRFC 10-2263] Analyzing Verilog file "/home/hejunwen/mycpu/soc_sram_func/rtl/myCPU/get_PCPLus8.v" into library xil_defaultlib
INFO: [VRFC 10-311] analyzing module defines
INFO: [VRFC 10-311] analyzing module get_PCPLus8
INFO: [VRFC 10-2263] Analyzing Verilog file "/home/hejunwen/mycpu/soc_sram_func/rtl/myCPU/get_PCSrcD.v" into library xil_defaultlib
INFO: [VRFC 10-311] analyzing module defines
INFO: [VRFC 10-311] analyzing module get_PCSrcD
INFO: [VRFC 10-2263] Analyzing Verilog file "/home/hejunwen/mycpu/soc_sram_func/rtl/myCPU/get_ResultW.v" into library xil_defaultlib
INFO: [VRFC 10-311] analyzing module defines
INFO: [VRFC 10-311] analyzing module get_ResultW
INFO: [VRFC 10-2263] Analyzing Verilog file "/home/hejunwen/mycpu/soc_sram_func/rtl/myCPU/get_ResultW_withHilo.v" into library xil_defaultlib
INFO: [VRFC 10-311] analyzing module defines
INFO: [VRFC 10-311] analyzing module get_ResultW_withHilo
INFO: [VRFC 10-2263] Analyzing Verilog file "/home/hejunwen/mycpu/soc_sram_func/rtl/myCPU/get_ResultW_withHilo_withPC.v" into library xil_defaultlib
INFO: [VRFC 10-311] analyzing module defines
INFO: [VRFC 10-311] analyzing module get_ResultW_withHilo_withPC
INFO: [VRFC 10-2263] Analyzing Verilog file "/home/hejunwen/mycpu/soc_sram_func/rtl/myCPU/get_ShiftSrc.v" into library xil_defaultlib
INFO: [VRFC 10-311] analyzing module defines
INFO: [VRFC 10-311] analyzing module get_ShiftSrc
INFO: [VRFC 10-2263] Analyzing Verilog file "/home/hejunwen/mycpu/soc_sram_func/rtl/myCPU/get_SrcAE.v" into library xil_defaultlib
INFO: [VRFC 10-311] analyzing module defines
INFO: [VRFC 10-311] analyzing module get_SrcAE
INFO: [VRFC 10-2263] Analyzing Verilog file "/home/hejunwen/mycpu/soc_sram_func/rtl/myCPU/get_SrcBE.v" into library xil_defaultlib
INFO: [VRFC 10-311] analyzing module defines
INFO: [VRFC 10-311] analyzing module get_SrcBE
INFO: [VRFC 10-2263] Analyzing Verilog file "/home/hejunwen/mycpu/soc_sram_func/rtl/myCPU/get_WriteDataE.v" into library xil_defaultlib
INFO: [VRFC 10-311] analyzing module get_WriteDataE
INFO: [VRFC 10-2263] Analyzing Verilog file "/home/hejunwen/mycpu/soc_sram_func/rtl/myCPU/get_WriteRegE.v" into library xil_defaultlib
INFO: [VRFC 10-311] analyzing module defines
INFO: [VRFC 10-311] analyzing module get_WriteRegE
INFO: [VRFC 10-2263] Analyzing Verilog file "/home/hejunwen/mycpu/soc_sram_func/rtl/myCPU/get_instr.v" into library xil_defaultlib
INFO: [VRFC 10-311] analyzing module defines
INFO: [VRFC 10-311] analyzing module get_instr
INFO: [VRFC 10-2263] Analyzing Verilog file "/home/hejunwen/mycpu/soc_sram_func/rtl/myCPU/get_pc.v" into library xil_defaultlib
INFO: [VRFC 10-311] analyzing module defines
INFO: [VRFC 10-311] analyzing module get_pc
INFO: [VRFC 10-2263] Analyzing Verilog file "/home/hejunwen/mycpu/soc_sram_func/rtl/myCPU/hazard_unit.v" into library xil_defaultlib
INFO: [VRFC 10-311] analyzing module defines
INFO: [VRFC 10-311] analyzing module hazard_unit
INFO: [VRFC 10-2263] Analyzing Verilog file "/home/hejunwen/mycpu/soc_sram_func/rtl/myCPU/hilo.v" into library xil_defaultlib
INFO: [VRFC 10-311] analyzing module defines
INFO: [VRFC 10-311] analyzing module hilo
INFO: [VRFC 10-2263] Analyzing Verilog file "/home/hejunwen/mycpu/soc_sram_func/rtl/myCPU/instr_decode.v" into library xil_defaultlib
INFO: [VRFC 10-311] analyzing module instr_decode
INFO: [VRFC 10-2263] Analyzing Verilog file "/home/hejunwen/mycpu/soc_sram_func/rtl/myCPU/mips.v" into library xil_defaultlib
INFO: [VRFC 10-311] analyzing module defines
INFO: [VRFC 10-311] analyzing module mips
INFO: [VRFC 10-2263] Analyzing Verilog file "/home/hejunwen/mycpu/soc_sram_func/run_vivado/mycpu_prj1/mycpu.srcs/sources_1/new/mycpu_top.v" into library xil_defaultlib
INFO: [VRFC 10-311] analyzing module mycpu_top
INFO: [VRFC 10-2263] Analyzing Verilog file "/home/hejunwen/mycpu/soc_sram_func/rtl/myCPU/regfile.v" into library xil_defaultlib
INFO: [VRFC 10-311] analyzing module defines
INFO: [VRFC 10-311] analyzing module regfile
INFO: [VRFC 10-2263] Analyzing Verilog file "/home/hejunwen/mycpu/soc_sram_func/rtl/myCPU/shift_unit.v" into library xil_defaultlib
INFO: [VRFC 10-311] analyzing module defines
INFO: [VRFC 10-311] analyzing module shift_unit
INFO: [VRFC 10-2263] Analyzing Verilog file "/home/hejunwen/mycpu/soc_sram_func/rtl/myCPU/sig_extend.v" into library xil_defaultlib
INFO: [VRFC 10-311] analyzing module defines
INFO: [VRFC 10-311] analyzing module sig_extend
INFO: [VRFC 10-2263] Analyzing Verilog file "/home/hejunwen/mycpu/soc_sram_func/rtl/soc_lite_top.v" into library xil_defaultlib
INFO: [VRFC 10-311] analyzing module soc_lite_top
INFO: [VRFC 10-2263] Analyzing Verilog file "/home/hejunwen/mycpu/soc_sram_func/testbench/mycpu_tb.v" into library xil_defaultlib
INFO: [VRFC 10-311] analyzing module tb_top
